:COMSYS Not able to read old input file - only parameters listed!!!
:COMSYS After 5668640 simulations
:COMSYS Best payoff is -436177
:COMSYS Normally terminated optimization
0.3 <= Variant Impact on Immunity Loss Time[Omicron] = 1  <= 1
0.2 <= Variant Accuity Multiplier[Omicron] = 0.729542  <= 1
1e-06 <= Weight on Aggregate Death Hazard[Naive] = 1e-06  <= 1
1e-06 <= Weight on Aggregate Death Hazard[NVx] = 1e-06  <= 1
1e-06 <= Weight on Aggregate Death Hazard[Vx] = 1e-06  <= 1
50 <= Immunity Loss Time[NVx] = 125.397  <= 1000
50 <= Immunity Loss Time[Vx] = 296.049  <= 1000
0.3 <= Multiplier Vx Acuity[NVx] = 1  <= 1
1 <= Variant Transmission Multiplier[Delta] = 5.84077  <= 12
1 <= Variant Transmission Multiplier[Omicron] = 1.24777  <= 12
1e-06 <= Sensitivity to Weather = 2.81168  <= 3
-0.999 <= Variant Vaccine Effectiveness Reduction[Omicron] = -0.999  <= 0
1 <= TestCoverageTime = 1914.17  <= 10000
0.4 <= TestCoverageSensitivity = 0.699199  <= 1
0.001 <= dalp = 0.05  <= 0.05
0.001 <= ialp = 0.287969  <= 1
0 <= Sensitivity Post Mortem Testing to Pressures = 0  <= 10
1e-06 <= InputAve[UpAdj] = 0.812906  <= 500
1e-06 <= InputAve[DwnAdj] = 1.702  <= 500
1e-06 <= InputAve[RFI] = 0.376881  <= 500
1e-06 <= InputAve[RfSkTs] = 0.00384229  <= 500
1e-06 <= InputAve[WRpPIn] = 0.417324  <= 500
1e-06 <= InputAve[MInfTs] = 30.9735  <= 500
1e-06 <= InputAve[MnCnFrc] = 0.10283  <= 500
1e-06 <= InputAve[SnCnRdUt] = 2.05929  <= 500
1e-06 <= InputAve[CfImCn] = 0.476711  <= 500
1e-06 <= InputAve[ImPDnHs] = 0.117963  <= 500
1e-06 <= InputAve[ImTrFt] = 0.504237  <= 500
1e-06 <= InputAve[DrdFac] = 2.36404  <= 500
1e-06 <= InputAve[MxHsFr] = 0.506813  <= 500
1e-06 <= InputAve[BsFtRt] = 0.000578634  <= 500
1e-06 <= InputAve[SnsWth] = 2.81347  <= 500
1e-06 <= InputAve[Acty] = 6.898  <= 500
1e-06 <= InputAve[SnFtAc] = 2.49887  <= 500
1e-06 <= InputAve[TtAsyFr] = 0.46525  <= 500
1e-06 <= InputAve[ObsImp] = 1e-06  <= 500
1e-06 <= InputAve[ChrImp] = 1e-06  <= 500
1e-06 <= InputAve[LivImp] = 0.000397489  <= 500
1e-06 <= InputAve[MTrAsym] = 0.386069  <= 500
1e-06 <= InputAve[HspLrng] = 0.327918  <= 500
1e-06 <= InputAve[AdhrFtg] = 0.880624  <= 500
590 <= Variant Intro Start Time[Alabama] = 608.625  <= 640
590 <= Variant Intro Start Time[Alaska] = 590  <= 640
590 <= Variant Intro Start Time[Arizona] = 590  <= 640
590 <= Variant Intro Start Time[Arkansas] = 590  <= 640
590 <= Variant Intro Start Time[California] = 590  <= 640
590 <= Variant Intro Start Time[Colorado] = 629.794  <= 640
590 <= Variant Intro Start Time[Connecticut] = 601.907  <= 640
590 <= Variant Intro Start Time[District of Columbia] = 603.997  <= 640
590 <= Variant Intro Start Time[Delaware] = 597.103  <= 640
590 <= Variant Intro Start Time[Florida] = 590  <= 640
590 <= Variant Intro Start Time[Georgia] = 610.828  <= 640
590 <= Variant Intro Start Time[Hawaii] = 605.77  <= 640
590 <= Variant Intro Start Time[Idaho] = 613.953  <= 640
590 <= Variant Intro Start Time[Illinois] = 590  <= 640
590 <= Variant Intro Start Time[Indiana] = 624.133  <= 640
590 <= Variant Intro Start Time[Iowa] = 590  <= 640
590 <= Variant Intro Start Time[Kansas] = 598.625  <= 640
590 <= Variant Intro Start Time[Kentucky] = 606.036  <= 640
590 <= Variant Intro Start Time[Louisiana] = 599.126  <= 640
590 <= Variant Intro Start Time[Maine] = 626.637  <= 640
590 <= Variant Intro Start Time[Maryland] = 598.587  <= 640
590 <= Variant Intro Start Time[Massachusetts] = 595.587  <= 640
590 <= Variant Intro Start Time[Michigan] = 605.074  <= 640
590 <= Variant Intro Start Time[Minnesota] = 594.625  <= 640
590 <= Variant Intro Start Time[Mississippi] = 599.625  <= 640
590 <= Variant Intro Start Time[Missouri] = 590  <= 640
590 <= Variant Intro Start Time[Montana] = 601.125  <= 640
590 <= Variant Intro Start Time[Nebraska] = 598.645  <= 640
590 <= Variant Intro Start Time[Nevada] = 590.375  <= 640
590 <= Variant Intro Start Time[New Hampshire] = 609.718  <= 640
590 <= Variant Intro Start Time[New Jersey] = 605.88  <= 640
590 <= Variant Intro Start Time[New Mexico] = 609.875  <= 640
590 <= Variant Intro Start Time[New York] = 590  <= 640
590 <= Variant Intro Start Time[North Carolina] = 598.239  <= 640
590 <= Variant Intro Start Time[North Dakota] = 611.915  <= 640
590 <= Variant Intro Start Time[Ohio] = 608.125  <= 640
590 <= Variant Intro Start Time[Oklahoma] = 599.231  <= 640
590 <= Variant Intro Start Time[Oregon] = 613.019  <= 640
590 <= Variant Intro Start Time[Pennsylvania] = 619.801  <= 640
590 <= Variant Intro Start Time[Rhode Island] = 593.943  <= 640
590 <= Variant Intro Start Time[South Carolina] = 605.379  <= 640
590 <= Variant Intro Start Time[South Dakota] = 590  <= 640
590 <= Variant Intro Start Time[Tennessee] = 604.76  <= 640
590 <= Variant Intro Start Time[Texas] = 617.281  <= 640
590 <= Variant Intro Start Time[Utah] = 602.892  <= 640
590 <= Variant Intro Start Time[Vermont] = 607.776  <= 640
590 <= Variant Intro Start Time[Virginia] = 593.137  <= 640
590 <= Variant Intro Start Time[Washington] = 608.125  <= 640
590 <= Variant Intro Start Time[West Virginia] = 617.454  <= 640
590 <= Variant Intro Start Time[Wisconsin] = 616.713  <= 640
590 <= Variant Intro Start Time[Wyoming] = 605.375  <= 640
0.001 <= alpR[Alabama] = 0.915193  <= 1
0.001 <= alpR[Alaska] = 1  <= 1
0.001 <= alpR[Arizona] = 1  <= 1
0.001 <= alpR[Arkansas] = 1  <= 1
0.001 <= alpR[California] = 1  <= 1
0.001 <= alpR[Colorado] = 1  <= 1
0.001 <= alpR[Connecticut] = 1  <= 1
0.001 <= alpR[District of Columbia] = 0.781852  <= 1
0.001 <= alpR[Delaware] = 0.360501  <= 1
0.001 <= alpR[Florida] = 1  <= 1
0.001 <= alpR[Georgia] = 1  <= 1
0.001 <= alpR[Hawaii] = 1  <= 1
0.001 <= alpR[Idaho] = 1  <= 1
0.001 <= alpR[Illinois] = 1  <= 1
0.001 <= alpR[Indiana] = 1  <= 1
0.001 <= alpR[Iowa] = 0.949082  <= 1
0.001 <= alpR[Kansas] = 1  <= 1
0.001 <= alpR[Kentucky] = 0.51435  <= 1
0.001 <= alpR[Louisiana] = 1  <= 1
0.001 <= alpR[Maine] = 0.813238  <= 1
0.001 <= alpR[Maryland] = 0.582057  <= 1
0.001 <= alpR[Massachusetts] = 0.529318  <= 1
0.001 <= alpR[Michigan] = 1  <= 1
0.001 <= alpR[Minnesota] = 0.679275  <= 1
0.001 <= alpR[Mississippi] = 0.883607  <= 1
0.001 <= alpR[Missouri] = 1  <= 1
0.001 <= alpR[Montana] = 1  <= 1
0.001 <= alpR[Nebraska] = 1  <= 1
0.001 <= alpR[Nevada] = 0.685718  <= 1
0.001 <= alpR[New Hampshire] = 0.638181  <= 1
0.001 <= alpR[New Jersey] = 1  <= 1
0.001 <= alpR[New Mexico] = 1  <= 1
0.001 <= alpR[New York] = 0.977298  <= 1
0.001 <= alpR[North Carolina] = 0.523996  <= 1
0.001 <= alpR[North Dakota] = 0.893748  <= 1
0.001 <= alpR[Ohio] = 1  <= 1
0.001 <= alpR[Oklahoma] = 1  <= 1
0.001 <= alpR[Oregon] = 1  <= 1
0.001 <= alpR[Pennsylvania] = 1  <= 1
0.001 <= alpR[Rhode Island] = 0.579948  <= 1
0.001 <= alpR[South Carolina] = 1  <= 1
0.001 <= alpR[South Dakota] = 0.356984  <= 1
0.001 <= alpR[Tennessee] = 1  <= 1
0.001 <= alpR[Texas] = 1  <= 1
0.001 <= alpR[Utah] = 0.735427  <= 1
0.001 <= alpR[Vermont] = 1  <= 1
0.001 <= alpR[Virginia] = 1  <= 1
0.001 <= alpR[Washington] = 0.886761  <= 1
0.001 <= alpR[West Virginia] = 1  <= 1
0.001 <= alpR[Wisconsin] = 1  <= 1
0.001 <= alpR[Wyoming] = 1  <= 1
1e-06 <= Base Fatality Rate for Unit Acuity[Alabama] = 0.000753712  <= 0.001
1e-06 <= Base Fatality Rate for Unit Acuity[Alaska] = 0.000138647  <= 0.001
1e-06 <= Base Fatality Rate for Unit Acuity[Arizona] = 0.000158222  <= 0.001
1e-06 <= Base Fatality Rate for Unit Acuity[Arkansas] = 0.000304502  <= 0.001
1e-06 <= Base Fatality Rate for Unit Acuity[California] = 0.000107342  <= 0.001
1e-06 <= Base Fatality Rate for Unit Acuity[Colorado] = 0.000555778  <= 0.001
1e-06 <= Base Fatality Rate for Unit Acuity[Connecticut] = 0.000454934  <= 0.001
1e-06 <= Base Fatality Rate for Unit Acuity[District of Columbia] = 0.000625673  <= 0.001
1e-06 <= Base Fatality Rate for Unit Acuity[Delaware] = 0.001  <= 0.001
1e-06 <= Base Fatality Rate for Unit Acuity[Florida] = 0.000999992  <= 0.001
1e-06 <= Base Fatality Rate for Unit Acuity[Georgia] = 0.000485562  <= 0.001
1e-06 <= Base Fatality Rate for Unit Acuity[Hawaii] = 0.000202185  <= 0.001
1e-06 <= Base Fatality Rate for Unit Acuity[Idaho] = 0.000826336  <= 0.001
1e-06 <= Base Fatality Rate for Unit Acuity[Illinois] = 0.000135683  <= 0.001
1e-06 <= Base Fatality Rate for Unit Acuity[Indiana] = 0.00078517  <= 0.001
1e-06 <= Base Fatality Rate for Unit Acuity[Iowa] = 0.000154041  <= 0.001
1e-06 <= Base Fatality Rate for Unit Acuity[Kansas] = 0.000324863  <= 0.001
1e-06 <= Base Fatality Rate for Unit Acuity[Kentucky] = 0.00059645  <= 0.001
1e-06 <= Base Fatality Rate for Unit Acuity[Louisiana] = 0.000300011  <= 0.001
1e-06 <= Base Fatality Rate for Unit Acuity[Maine] = 0.000999994  <= 0.001
1e-06 <= Base Fatality Rate for Unit Acuity[Maryland] = 0.000180643  <= 0.001
1e-06 <= Base Fatality Rate for Unit Acuity[Massachusetts] = 0.000188608  <= 0.001
1e-06 <= Base Fatality Rate for Unit Acuity[Michigan] = 0.000216486  <= 0.001
1e-06 <= Base Fatality Rate for Unit Acuity[Minnesota] = 0.000163355  <= 0.001
1e-06 <= Base Fatality Rate for Unit Acuity[Mississippi] = 0.000597194  <= 0.001
1e-06 <= Base Fatality Rate for Unit Acuity[Missouri] = 0.000219931  <= 0.001
1e-06 <= Base Fatality Rate for Unit Acuity[Montana] = 0.000154907  <= 0.001
1e-06 <= Base Fatality Rate for Unit Acuity[Nebraska] = 0.000807023  <= 0.001
1e-06 <= Base Fatality Rate for Unit Acuity[Nevada] = 9.83851e-05  <= 0.001
1e-06 <= Base Fatality Rate for Unit Acuity[New Hampshire] = 0.000826901  <= 0.001
1e-06 <= Base Fatality Rate for Unit Acuity[New Jersey] = 0.000790563  <= 0.001
1e-06 <= Base Fatality Rate for Unit Acuity[New Mexico] = 0.000174263  <= 0.001
1e-06 <= Base Fatality Rate for Unit Acuity[New York] = 0.000755501  <= 0.001
1e-06 <= Base Fatality Rate for Unit Acuity[North Carolina] = 0.00043745  <= 0.001
1e-06 <= Base Fatality Rate for Unit Acuity[North Dakota] = 0.000119038  <= 0.001
1e-06 <= Base Fatality Rate for Unit Acuity[Ohio] = 0.000147302  <= 0.001
1e-06 <= Base Fatality Rate for Unit Acuity[Oklahoma] = 0.000283889  <= 0.001
1e-06 <= Base Fatality Rate for Unit Acuity[Oregon] = 0.000792123  <= 0.001
1e-06 <= Base Fatality Rate for Unit Acuity[Pennsylvania] = 0.000861487  <= 0.001
1e-06 <= Base Fatality Rate for Unit Acuity[Rhode Island] = 0.000819188  <= 0.001
1e-06 <= Base Fatality Rate for Unit Acuity[South Carolina] = 0.000236988  <= 0.001
1e-06 <= Base Fatality Rate for Unit Acuity[South Dakota] = 0.000933304  <= 0.001
1e-06 <= Base Fatality Rate for Unit Acuity[Tennessee] = 0.000403325  <= 0.001
1e-06 <= Base Fatality Rate for Unit Acuity[Texas] = 0.000374141  <= 0.001
1e-06 <= Base Fatality Rate for Unit Acuity[Utah] = 0.000440524  <= 0.001
1e-06 <= Base Fatality Rate for Unit Acuity[Vermont] = 0.000740633  <= 0.001
1e-06 <= Base Fatality Rate for Unit Acuity[Virginia] = 9.7007e-05  <= 0.001
1e-06 <= Base Fatality Rate for Unit Acuity[Washington] = 0.000769478  <= 0.001
1e-06 <= Base Fatality Rate for Unit Acuity[West Virginia] = 0.000119971  <= 0.001
1e-06 <= Base Fatality Rate for Unit Acuity[Wisconsin] = 0.000526666  <= 0.001
1e-06 <= Base Fatality Rate for Unit Acuity[Wyoming] = 0.000134557  <= 0.001
0.0001 <= Baseline Daily Fraction Susceptible Seeking Tests[Alabama] = 0.00383913  <= 0.01
0.0001 <= Baseline Daily Fraction Susceptible Seeking Tests[Alaska] = 0.00383413  <= 0.01
0.0001 <= Baseline Daily Fraction Susceptible Seeking Tests[Arizona] = 0.00384458  <= 0.01
0.0001 <= Baseline Daily Fraction Susceptible Seeking Tests[Arkansas] = 0.00383382  <= 0.01
0.0001 <= Baseline Daily Fraction Susceptible Seeking Tests[California] = 0.0038452  <= 0.01
0.0001 <= Baseline Daily Fraction Susceptible Seeking Tests[Colorado] = 0.00383587  <= 0.01
0.0001 <= Baseline Daily Fraction Susceptible Seeking Tests[Connecticut] = 0.00384668  <= 0.01
0.0001 <= Baseline Daily Fraction Susceptible Seeking Tests[District of Columbia] = 0.00384184  <= 0.01
0.0001 <= Baseline Daily Fraction Susceptible Seeking Tests[Delaware] = 0.00384512  <= 0.01
0.0001 <= Baseline Daily Fraction Susceptible Seeking Tests[Florida] = 0.00385667  <= 0.01
0.0001 <= Baseline Daily Fraction Susceptible Seeking Tests[Georgia] = 0.00384453  <= 0.01
0.0001 <= Baseline Daily Fraction Susceptible Seeking Tests[Hawaii] = 0.00385238  <= 0.01
0.0001 <= Baseline Daily Fraction Susceptible Seeking Tests[Idaho] = 0.00384578  <= 0.01
0.0001 <= Baseline Daily Fraction Susceptible Seeking Tests[Illinois] = 0.00384307  <= 0.01
0.0001 <= Baseline Daily Fraction Susceptible Seeking Tests[Indiana] = 0.00384858  <= 0.01
0.0001 <= Baseline Daily Fraction Susceptible Seeking Tests[Iowa] = 0.00381926  <= 0.01
0.0001 <= Baseline Daily Fraction Susceptible Seeking Tests[Kansas] = 0.00387003  <= 0.01
0.0001 <= Baseline Daily Fraction Susceptible Seeking Tests[Kentucky] = 0.00383461  <= 0.01
0.0001 <= Baseline Daily Fraction Susceptible Seeking Tests[Louisiana] = 0.00383914  <= 0.01
0.0001 <= Baseline Daily Fraction Susceptible Seeking Tests[Maine] = 0.00384473  <= 0.01
0.0001 <= Baseline Daily Fraction Susceptible Seeking Tests[Maryland] = 0.00384544  <= 0.01
0.0001 <= Baseline Daily Fraction Susceptible Seeking Tests[Massachusetts] = 0.00384165  <= 0.01
0.0001 <= Baseline Daily Fraction Susceptible Seeking Tests[Michigan] = 0.0038343  <= 0.01
0.0001 <= Baseline Daily Fraction Susceptible Seeking Tests[Minnesota] = 0.00383954  <= 0.01
0.0001 <= Baseline Daily Fraction Susceptible Seeking Tests[Mississippi] = 0.0038218  <= 0.01
0.0001 <= Baseline Daily Fraction Susceptible Seeking Tests[Missouri] = 0.00382254  <= 0.01
0.0001 <= Baseline Daily Fraction Susceptible Seeking Tests[Montana] = 0.00385391  <= 0.01
0.0001 <= Baseline Daily Fraction Susceptible Seeking Tests[Nebraska] = 0.00383304  <= 0.01
0.0001 <= Baseline Daily Fraction Susceptible Seeking Tests[Nevada] = 0.00384097  <= 0.01
0.0001 <= Baseline Daily Fraction Susceptible Seeking Tests[New Hampshire] = 0.00384236  <= 0.01
0.0001 <= Baseline Daily Fraction Susceptible Seeking Tests[New Jersey] = 0.00383228  <= 0.01
0.0001 <= Baseline Daily Fraction Susceptible Seeking Tests[New Mexico] = 0.00384572  <= 0.01
0.0001 <= Baseline Daily Fraction Susceptible Seeking Tests[New York] = 0.00384169  <= 0.01
0.0001 <= Baseline Daily Fraction Susceptible Seeking Tests[North Carolina] = 0.00382905  <= 0.01
0.0001 <= Baseline Daily Fraction Susceptible Seeking Tests[North Dakota] = 0.00383614  <= 0.01
0.0001 <= Baseline Daily Fraction Susceptible Seeking Tests[Ohio] = 0.00384177  <= 0.01
0.0001 <= Baseline Daily Fraction Susceptible Seeking Tests[Oklahoma] = 0.00381089  <= 0.01
0.0001 <= Baseline Daily Fraction Susceptible Seeking Tests[Oregon] = 0.00383556  <= 0.01
0.0001 <= Baseline Daily Fraction Susceptible Seeking Tests[Pennsylvania] = 0.00385106  <= 0.01
0.0001 <= Baseline Daily Fraction Susceptible Seeking Tests[Rhode Island] = 0.00383811  <= 0.01
0.0001 <= Baseline Daily Fraction Susceptible Seeking Tests[South Carolina] = 0.00384117  <= 0.01
0.0001 <= Baseline Daily Fraction Susceptible Seeking Tests[South Dakota] = 0.00381186  <= 0.01
0.0001 <= Baseline Daily Fraction Susceptible Seeking Tests[Tennessee] = 0.00383239  <= 0.01
0.0001 <= Baseline Daily Fraction Susceptible Seeking Tests[Texas] = 0.00383101  <= 0.01
0.0001 <= Baseline Daily Fraction Susceptible Seeking Tests[Utah] = 0.00384404  <= 0.01
0.0001 <= Baseline Daily Fraction Susceptible Seeking Tests[Vermont] = 0.00383869  <= 0.01
0.0001 <= Baseline Daily Fraction Susceptible Seeking Tests[Virginia] = 0.00383692  <= 0.01
0.0001 <= Baseline Daily Fraction Susceptible Seeking Tests[Washington] = 0.00384496  <= 0.01
0.0001 <= Baseline Daily Fraction Susceptible Seeking Tests[West Virginia] = 0.00383717  <= 0.01
0.0001 <= Baseline Daily Fraction Susceptible Seeking Tests[Wisconsin] = 0.00385081  <= 0.01
0.0001 <= Baseline Daily Fraction Susceptible Seeking Tests[Wyoming] = 0.0038439  <= 0.01
1e-06 <= Confirmation Impact on Contact[Alabama] = 0.5  <= 0.5
1e-06 <= Confirmation Impact on Contact[Alaska] = 0.5  <= 0.5
1e-06 <= Confirmation Impact on Contact[Arizona] = 0.5  <= 0.5
1e-06 <= Confirmation Impact on Contact[Arkansas] = 0.5  <= 0.5
1e-06 <= Confirmation Impact on Contact[California] = 0.5  <= 0.5
1e-06 <= Confirmation Impact on Contact[Colorado] = 0.5  <= 0.5
1e-06 <= Confirmation Impact on Contact[Connecticut] = 0.5  <= 0.5
1e-06 <= Confirmation Impact on Contact[District of Columbia] = 0.311195  <= 0.5
1e-06 <= Confirmation Impact on Contact[Delaware] = 0.5  <= 0.5
1e-06 <= Confirmation Impact on Contact[Florida] = 0.491133  <= 0.5
1e-06 <= Confirmation Impact on Contact[Georgia] = 0.499334  <= 0.5
1e-06 <= Confirmation Impact on Contact[Hawaii] = 0.5  <= 0.5
1e-06 <= Confirmation Impact on Contact[Idaho] = 0.5  <= 0.5
1e-06 <= Confirmation Impact on Contact[Illinois] = 0.5  <= 0.5
1e-06 <= Confirmation Impact on Contact[Indiana] = 0.398728  <= 0.5
1e-06 <= Confirmation Impact on Contact[Iowa] = 0.5  <= 0.5
1e-06 <= Confirmation Impact on Contact[Kansas] = 0.5  <= 0.5
1e-06 <= Confirmation Impact on Contact[Kentucky] = 0.5  <= 0.5
1e-06 <= Confirmation Impact on Contact[Louisiana] = 0.233151  <= 0.5
1e-06 <= Confirmation Impact on Contact[Maine] = 0.5  <= 0.5
1e-06 <= Confirmation Impact on Contact[Maryland] = 0.0586403  <= 0.5
1e-06 <= Confirmation Impact on Contact[Massachusetts] = 0.5  <= 0.5
1e-06 <= Confirmation Impact on Contact[Michigan] = 0.194823  <= 0.5
1e-06 <= Confirmation Impact on Contact[Minnesota] = 0.5  <= 0.5
1e-06 <= Confirmation Impact on Contact[Mississippi] = 0.5  <= 0.5
1e-06 <= Confirmation Impact on Contact[Missouri] = 0.5  <= 0.5
1e-06 <= Confirmation Impact on Contact[Montana] = 0.5  <= 0.5
1e-06 <= Confirmation Impact on Contact[Nebraska] = 0.5  <= 0.5
1e-06 <= Confirmation Impact on Contact[Nevada] = 0.5  <= 0.5
1e-06 <= Confirmation Impact on Contact[New Hampshire] = 0.5  <= 0.5
1e-06 <= Confirmation Impact on Contact[New Jersey] = 0.5  <= 0.5
1e-06 <= Confirmation Impact on Contact[New Mexico] = 0.5  <= 0.5
1e-06 <= Confirmation Impact on Contact[New York] = 0.5  <= 0.5
1e-06 <= Confirmation Impact on Contact[North Carolina] = 0.5  <= 0.5
1e-06 <= Confirmation Impact on Contact[North Dakota] = 0.5  <= 0.5
1e-06 <= Confirmation Impact on Contact[Ohio] = 0.5  <= 0.5
1e-06 <= Confirmation Impact on Contact[Oklahoma] = 0.5  <= 0.5
1e-06 <= Confirmation Impact on Contact[Oregon] = 0.5  <= 0.5
1e-06 <= Confirmation Impact on Contact[Pennsylvania] = 0.5  <= 0.5
1e-06 <= Confirmation Impact on Contact[Rhode Island] = 0.5  <= 0.5
1e-06 <= Confirmation Impact on Contact[South Carolina] = 0.5  <= 0.5
1e-06 <= Confirmation Impact on Contact[South Dakota] = 0.5  <= 0.5
1e-06 <= Confirmation Impact on Contact[Tennessee] = 0.5  <= 0.5
1e-06 <= Confirmation Impact on Contact[Texas] = 0.5  <= 0.5
1e-06 <= Confirmation Impact on Contact[Utah] = 0.5  <= 0.5
1e-06 <= Confirmation Impact on Contact[Vermont] = 0.5  <= 0.5
1e-06 <= Confirmation Impact on Contact[Virginia] = 0.5  <= 0.5
1e-06 <= Confirmation Impact on Contact[Washington] = 0.5  <= 0.5
1e-06 <= Confirmation Impact on Contact[West Virginia] = 0.5  <= 0.5
1e-06 <= Confirmation Impact on Contact[Wisconsin] = 0.5  <= 0.5
1e-06 <= Confirmation Impact on Contact[Wyoming] = 0.5  <= 0.5
2 <= Covid Acuity Relative to Flu[Alabama] = 6.90226  <= 10
2 <= Covid Acuity Relative to Flu[Alaska] = 6.90102  <= 10
2 <= Covid Acuity Relative to Flu[Arizona] = 6.89931  <= 10
2 <= Covid Acuity Relative to Flu[Arkansas] = 6.90063  <= 10
2 <= Covid Acuity Relative to Flu[California] = 6.89776  <= 10
2 <= Covid Acuity Relative to Flu[Colorado] = 6.88481  <= 10
2 <= Covid Acuity Relative to Flu[Connecticut] = 6.9307  <= 10
2 <= Covid Acuity Relative to Flu[District of Columbia] = 6.8991  <= 10
2 <= Covid Acuity Relative to Flu[Delaware] = 6.90418  <= 10
2 <= Covid Acuity Relative to Flu[Florida] = 6.89989  <= 10
2 <= Covid Acuity Relative to Flu[Georgia] = 6.89838  <= 10
2 <= Covid Acuity Relative to Flu[Hawaii] = 6.89784  <= 10
2 <= Covid Acuity Relative to Flu[Idaho] = 6.89715  <= 10
2 <= Covid Acuity Relative to Flu[Illinois] = 6.89959  <= 10
2 <= Covid Acuity Relative to Flu[Indiana] = 6.89856  <= 10
2 <= Covid Acuity Relative to Flu[Iowa] = 6.90331  <= 10
2 <= Covid Acuity Relative to Flu[Kansas] = 6.89816  <= 10
2 <= Covid Acuity Relative to Flu[Kentucky] = 6.90073  <= 10
2 <= Covid Acuity Relative to Flu[Louisiana] = 6.89662  <= 10
2 <= Covid Acuity Relative to Flu[Maine] = 6.90225  <= 10
2 <= Covid Acuity Relative to Flu[Maryland] = 6.89851  <= 10
2 <= Covid Acuity Relative to Flu[Massachusetts] = 6.89947  <= 10
2 <= Covid Acuity Relative to Flu[Michigan] = 6.90047  <= 10
2 <= Covid Acuity Relative to Flu[Minnesota] = 6.89742  <= 10
2 <= Covid Acuity Relative to Flu[Mississippi] = 6.90363  <= 10
2 <= Covid Acuity Relative to Flu[Missouri] = 6.90047  <= 10
2 <= Covid Acuity Relative to Flu[Montana] = 6.89789  <= 10
2 <= Covid Acuity Relative to Flu[Nebraska] = 6.90256  <= 10
2 <= Covid Acuity Relative to Flu[Nevada] = 6.89891  <= 10
2 <= Covid Acuity Relative to Flu[New Hampshire] = 6.90064  <= 10
2 <= Covid Acuity Relative to Flu[New Jersey] = 6.89176  <= 10
2 <= Covid Acuity Relative to Flu[New Mexico] = 6.89836  <= 10
2 <= Covid Acuity Relative to Flu[New York] = 6.90002  <= 10
2 <= Covid Acuity Relative to Flu[North Carolina] = 6.90229  <= 10
2 <= Covid Acuity Relative to Flu[North Dakota] = 6.89919  <= 10
2 <= Covid Acuity Relative to Flu[Ohio] = 6.89974  <= 10
2 <= Covid Acuity Relative to Flu[Oklahoma] = 6.90455  <= 10
2 <= Covid Acuity Relative to Flu[Oregon] = 6.90005  <= 10
2 <= Covid Acuity Relative to Flu[Pennsylvania] = 6.89981  <= 10
2 <= Covid Acuity Relative to Flu[Rhode Island] = 6.90164  <= 10
2 <= Covid Acuity Relative to Flu[South Carolina] = 6.89887  <= 10
2 <= Covid Acuity Relative to Flu[South Dakota] = 6.8918  <= 10
2 <= Covid Acuity Relative to Flu[Tennessee] = 6.902  <= 10
2 <= Covid Acuity Relative to Flu[Texas] = 6.9003  <= 10
2 <= Covid Acuity Relative to Flu[Utah] = 6.89868  <= 10
2 <= Covid Acuity Relative to Flu[Vermont] = 6.90023  <= 10
2 <= Covid Acuity Relative to Flu[Virginia] = 6.90038  <= 10
2 <= Covid Acuity Relative to Flu[Washington] = 6.90124  <= 10
2 <= Covid Acuity Relative to Flu[West Virginia] = 6.89954  <= 10
2 <= Covid Acuity Relative to Flu[Wisconsin] = 6.8971  <= 10
2 <= Covid Acuity Relative to Flu[Wyoming] = 6.8979  <= 10
1 <= DeathReportingDelay[Alabama] = 10  <= 10
1 <= DeathReportingDelay[Alaska] = 1  <= 10
1 <= DeathReportingDelay[Arizona] = 10  <= 10
1 <= DeathReportingDelay[Arkansas] = 10  <= 10
1 <= DeathReportingDelay[California] = 3.8322  <= 10
1 <= DeathReportingDelay[Colorado] = 7.26881  <= 10
1 <= DeathReportingDelay[Connecticut] = 9.8867  <= 10
1 <= DeathReportingDelay[District of Columbia] = 10  <= 10
1 <= DeathReportingDelay[Delaware] = 10  <= 10
1 <= DeathReportingDelay[Florida] = 10  <= 10
1 <= DeathReportingDelay[Georgia] = 1.67053  <= 10
1 <= DeathReportingDelay[Hawaii] = 10  <= 10
1 <= DeathReportingDelay[Idaho] = 10  <= 10
1 <= DeathReportingDelay[Illinois] = 10  <= 10
1 <= DeathReportingDelay[Indiana] = 6.50014  <= 10
1 <= DeathReportingDelay[Iowa] = 6.27319  <= 10
1 <= DeathReportingDelay[Kansas] = 1  <= 10
1 <= DeathReportingDelay[Kentucky] = 10  <= 10
1 <= DeathReportingDelay[Louisiana] = 10  <= 10
1 <= DeathReportingDelay[Maine] = 10  <= 10
1 <= DeathReportingDelay[Maryland] = 10  <= 10
1 <= DeathReportingDelay[Massachusetts] = 10  <= 10
1 <= DeathReportingDelay[Michigan] = 10  <= 10
1 <= DeathReportingDelay[Minnesota] = 9.5644  <= 10
1 <= DeathReportingDelay[Mississippi] = 10  <= 10
1 <= DeathReportingDelay[Missouri] = 10  <= 10
1 <= DeathReportingDelay[Montana] = 1  <= 10
1 <= DeathReportingDelay[Nebraska] = 1  <= 10
1 <= DeathReportingDelay[Nevada] = 10  <= 10
1 <= DeathReportingDelay[New Hampshire] = 10  <= 10
1 <= DeathReportingDelay[New Jersey] = 2.81913  <= 10
1 <= DeathReportingDelay[New Mexico] = 1  <= 10
1 <= DeathReportingDelay[New York] = 6.90847  <= 10
1 <= DeathReportingDelay[North Carolina] = 10  <= 10
1 <= DeathReportingDelay[North Dakota] = 1  <= 10
1 <= DeathReportingDelay[Ohio] = 10  <= 10
1 <= DeathReportingDelay[Oklahoma] = 10  <= 10
1 <= DeathReportingDelay[Oregon] = 10  <= 10
1 <= DeathReportingDelay[Pennsylvania] = 9.97549  <= 10
1 <= DeathReportingDelay[Rhode Island] = 10  <= 10
1 <= DeathReportingDelay[South Carolina] = 10  <= 10
1 <= DeathReportingDelay[South Dakota] = 10  <= 10
1 <= DeathReportingDelay[Tennessee] = 10  <= 10
1 <= DeathReportingDelay[Texas] = 1  <= 10
1 <= DeathReportingDelay[Utah] = 10  <= 10
1 <= DeathReportingDelay[Vermont] = 1  <= 10
1 <= DeathReportingDelay[Virginia] = 10  <= 10
1 <= DeathReportingDelay[Washington] = 10  <= 10
1 <= DeathReportingDelay[West Virginia] = 10  <= 10
1 <= DeathReportingDelay[Wisconsin] = 10  <= 10
1 <= DeathReportingDelay[Wyoming] = 1  <= 10
1 <= Dread Factor in Risk Perception[Alabama] = 19.1957  <= 100000
1 <= Dread Factor in Risk Perception[Alaska] = 166.133  <= 100000
1 <= Dread Factor in Risk Perception[Arizona] = 81.435  <= 100000
1 <= Dread Factor in Risk Perception[Arkansas] = 172.095  <= 100000
1 <= Dread Factor in Risk Perception[California] = 13462.8  <= 100000
1 <= Dread Factor in Risk Perception[Colorado] = 398.053  <= 100000
1 <= Dread Factor in Risk Perception[Connecticut] = 630.381  <= 100000
1 <= Dread Factor in Risk Perception[District of Columbia] = 1446.37  <= 100000
1 <= Dread Factor in Risk Perception[Delaware] = 195.771  <= 100000
1 <= Dread Factor in Risk Perception[Florida] = 361.071  <= 100000
1 <= Dread Factor in Risk Perception[Georgia] = 786.292  <= 100000
1 <= Dread Factor in Risk Perception[Hawaii] = 176.507  <= 100000
1 <= Dread Factor in Risk Perception[Idaho] = 273.676  <= 100000
1 <= Dread Factor in Risk Perception[Illinois] = 95.1051  <= 100000
1 <= Dread Factor in Risk Perception[Indiana] = 511.972  <= 100000
1 <= Dread Factor in Risk Perception[Iowa] = 141.959  <= 100000
1 <= Dread Factor in Risk Perception[Kansas] = 434.312  <= 100000
1 <= Dread Factor in Risk Perception[Kentucky] = 47.5645  <= 100000
1 <= Dread Factor in Risk Perception[Louisiana] = 522.561  <= 100000
1 <= Dread Factor in Risk Perception[Maine] = 385.807  <= 100000
1 <= Dread Factor in Risk Perception[Maryland] = 470.289  <= 100000
1 <= Dread Factor in Risk Perception[Massachusetts] = 290.168  <= 100000
1 <= Dread Factor in Risk Perception[Michigan] = 120.204  <= 100000
1 <= Dread Factor in Risk Perception[Minnesota] = 158.475  <= 100000
1 <= Dread Factor in Risk Perception[Mississippi] = 95.8889  <= 100000
1 <= Dread Factor in Risk Perception[Missouri] = 114.021  <= 100000
1 <= Dread Factor in Risk Perception[Montana] = 1578.94  <= 100000
1 <= Dread Factor in Risk Perception[Nebraska] = 393.124  <= 100000
1 <= Dread Factor in Risk Perception[Nevada] = 80.9966  <= 100000
1 <= Dread Factor in Risk Perception[New Hampshire] = 447.504  <= 100000
1 <= Dread Factor in Risk Perception[New Jersey] = 1289.59  <= 100000
1 <= Dread Factor in Risk Perception[New Mexico] = 6853.08  <= 100000
1 <= Dread Factor in Risk Perception[New York] = 556.719  <= 100000
1 <= Dread Factor in Risk Perception[North Carolina] = 66.367  <= 100000
1 <= Dread Factor in Risk Perception[North Dakota] = 20.4584  <= 100000
1 <= Dread Factor in Risk Perception[Ohio] = 59.0399  <= 100000
1 <= Dread Factor in Risk Perception[Oklahoma] = 37.3051  <= 100000
1 <= Dread Factor in Risk Perception[Oregon] = 207.291  <= 100000
1 <= Dread Factor in Risk Perception[Pennsylvania] = 473.292  <= 100000
1 <= Dread Factor in Risk Perception[Rhode Island] = 83.7191  <= 100000
1 <= Dread Factor in Risk Perception[South Carolina] = 50.2652  <= 100000
1 <= Dread Factor in Risk Perception[South Dakota] = 57.146  <= 100000
1 <= Dread Factor in Risk Perception[Tennessee] = 83.5715  <= 100000
1 <= Dread Factor in Risk Perception[Texas] = 67.0705  <= 100000
1 <= Dread Factor in Risk Perception[Utah] = 178.604  <= 100000
1 <= Dread Factor in Risk Perception[Vermont] = 494.77  <= 100000
1 <= Dread Factor in Risk Perception[Virginia] = 573.539  <= 100000
1 <= Dread Factor in Risk Perception[Washington] = 298.394  <= 100000
1 <= Dread Factor in Risk Perception[West Virginia] = 31.0954  <= 100000
1 <= Dread Factor in Risk Perception[Wisconsin] = 485.651  <= 100000
1 <= Dread Factor in Risk Perception[Wyoming] = 571.788  <= 100000
1e-06 <= Impact of Population Density on Hospital Availability[Alabama] = 0.185798  <= 1
1e-06 <= Impact of Population Density on Hospital Availability[Alaska] = 1e-06  <= 1
1e-06 <= Impact of Population Density on Hospital Availability[Arizona] = 0.849372  <= 1
1e-06 <= Impact of Population Density on Hospital Availability[Arkansas] = 1e-06  <= 1
1e-06 <= Impact of Population Density on Hospital Availability[California] = 1e-06  <= 1
1e-06 <= Impact of Population Density on Hospital Availability[Colorado] = 0.000697261  <= 1
1e-06 <= Impact of Population Density on Hospital Availability[Connecticut] = 0.189879  <= 1
1e-06 <= Impact of Population Density on Hospital Availability[District of Columbia] = 0.260855  <= 1
1e-06 <= Impact of Population Density on Hospital Availability[Delaware] = 0.43104  <= 1
1e-06 <= Impact of Population Density on Hospital Availability[Florida] = 0.758008  <= 1
1e-06 <= Impact of Population Density on Hospital Availability[Georgia] = 1.21097e-06  <= 1
1e-06 <= Impact of Population Density on Hospital Availability[Hawaii] = 1e-06  <= 1
1e-06 <= Impact of Population Density on Hospital Availability[Idaho] = 0.00135477  <= 1
1e-06 <= Impact of Population Density on Hospital Availability[Illinois] = 1e-06  <= 1
1e-06 <= Impact of Population Density on Hospital Availability[Indiana] = 0.209866  <= 1
1e-06 <= Impact of Population Density on Hospital Availability[Iowa] = 1e-06  <= 1
1e-06 <= Impact of Population Density on Hospital Availability[Kansas] = 1e-06  <= 1
1e-06 <= Impact of Population Density on Hospital Availability[Kentucky] = 1e-06  <= 1
1e-06 <= Impact of Population Density on Hospital Availability[Louisiana] = 0.75299  <= 1
1e-06 <= Impact of Population Density on Hospital Availability[Maine] = 0.14207  <= 1
1e-06 <= Impact of Population Density on Hospital Availability[Maryland] = 1.45863e-06  <= 1
1e-06 <= Impact of Population Density on Hospital Availability[Massachusetts] = 1e-06  <= 1
1e-06 <= Impact of Population Density on Hospital Availability[Michigan] = 0.617659  <= 1
1e-06 <= Impact of Population Density on Hospital Availability[Minnesota] = 1e-06  <= 1
1e-06 <= Impact of Population Density on Hospital Availability[Mississippi] = 0.0939226  <= 1
1e-06 <= Impact of Population Density on Hospital Availability[Missouri] = 1.41078e-05  <= 1
1e-06 <= Impact of Population Density on Hospital Availability[Montana] = 0.313324  <= 1
1e-06 <= Impact of Population Density on Hospital Availability[Nebraska] = 1e-06  <= 1
1e-06 <= Impact of Population Density on Hospital Availability[Nevada] = 1e-06  <= 1
1e-06 <= Impact of Population Density on Hospital Availability[New Hampshire] = 1e-06  <= 1
1e-06 <= Impact of Population Density on Hospital Availability[New Jersey] = 1e-06  <= 1
1e-06 <= Impact of Population Density on Hospital Availability[New Mexico] = 1e-06  <= 1
1e-06 <= Impact of Population Density on Hospital Availability[New York] = 0.0560788  <= 1
1e-06 <= Impact of Population Density on Hospital Availability[North Carolina] = 1e-06  <= 1
1e-06 <= Impact of Population Density on Hospital Availability[North Dakota] = 1e-06  <= 1
1e-06 <= Impact of Population Density on Hospital Availability[Ohio] = 1.20836e-06  <= 1
1e-06 <= Impact of Population Density on Hospital Availability[Oklahoma] = 0.553816  <= 1
1e-06 <= Impact of Population Density on Hospital Availability[Oregon] = 1.58732e-06  <= 1
1e-06 <= Impact of Population Density on Hospital Availability[Pennsylvania] = 0.145079  <= 1
1e-06 <= Impact of Population Density on Hospital Availability[Rhode Island] = 1e-06  <= 1
1e-06 <= Impact of Population Density on Hospital Availability[South Carolina] = 0.000314969  <= 1
1e-06 <= Impact of Population Density on Hospital Availability[South Dakota] = 1e-06  <= 1
1e-06 <= Impact of Population Density on Hospital Availability[Tennessee] = 0.0791784  <= 1
1e-06 <= Impact of Population Density on Hospital Availability[Texas] = 0.216081  <= 1
1e-06 <= Impact of Population Density on Hospital Availability[Utah] = 1e-06  <= 1
1e-06 <= Impact of Population Density on Hospital Availability[Vermont] = 1e-06  <= 1
1e-06 <= Impact of Population Density on Hospital Availability[Virginia] = 8.90076e-06  <= 1
1e-06 <= Impact of Population Density on Hospital Availability[Washington] = 1e-06  <= 1
1e-06 <= Impact of Population Density on Hospital Availability[West Virginia] = 1e-06  <= 1
1e-06 <= Impact of Population Density on Hospital Availability[Wisconsin] = 0.186407  <= 1
1e-06 <= Impact of Population Density on Hospital Availability[Wyoming] = 1e-06  <= 1
0.1 <= Impact of Treatment on Fatality Rate[Alabama] = 0.160543  <= 0.8
0.1 <= Impact of Treatment on Fatality Rate[Alaska] = 0.175106  <= 0.8
0.1 <= Impact of Treatment on Fatality Rate[Arizona] = 0.548843  <= 0.8
0.1 <= Impact of Treatment on Fatality Rate[Arkansas] = 0.317038  <= 0.8
0.1 <= Impact of Treatment on Fatality Rate[California] = 0.8  <= 0.8
0.1 <= Impact of Treatment on Fatality Rate[Colorado] = 0.180016  <= 0.8
0.1 <= Impact of Treatment on Fatality Rate[Connecticut] = 0.795639  <= 0.8
0.1 <= Impact of Treatment on Fatality Rate[District of Columbia] = 0.569256  <= 0.8
0.1 <= Impact of Treatment on Fatality Rate[Delaware] = 0.602307  <= 0.8
0.1 <= Impact of Treatment on Fatality Rate[Florida] = 0.8  <= 0.8
0.1 <= Impact of Treatment on Fatality Rate[Georgia] = 0.514797  <= 0.8
0.1 <= Impact of Treatment on Fatality Rate[Hawaii] = 0.646378  <= 0.8
0.1 <= Impact of Treatment on Fatality Rate[Idaho] = 0.507507  <= 0.8
0.1 <= Impact of Treatment on Fatality Rate[Illinois] = 0.501667  <= 0.8
0.1 <= Impact of Treatment on Fatality Rate[Indiana] = 0.100005  <= 0.8
0.1 <= Impact of Treatment on Fatality Rate[Iowa] = 0.333022  <= 0.8
0.1 <= Impact of Treatment on Fatality Rate[Kansas] = 0.1  <= 0.8
0.1 <= Impact of Treatment on Fatality Rate[Kentucky] = 0.252903  <= 0.8
0.1 <= Impact of Treatment on Fatality Rate[Louisiana] = 0.8  <= 0.8
0.1 <= Impact of Treatment on Fatality Rate[Maine] = 0.49604  <= 0.8
0.1 <= Impact of Treatment on Fatality Rate[Maryland] = 0.584568  <= 0.8
0.1 <= Impact of Treatment on Fatality Rate[Massachusetts] = 0.566205  <= 0.8
0.1 <= Impact of Treatment on Fatality Rate[Michigan] = 0.660106  <= 0.8
0.1 <= Impact of Treatment on Fatality Rate[Minnesota] = 0.648134  <= 0.8
0.1 <= Impact of Treatment on Fatality Rate[Mississippi] = 0.258382  <= 0.8
0.1 <= Impact of Treatment on Fatality Rate[Missouri] = 0.389794  <= 0.8
0.1 <= Impact of Treatment on Fatality Rate[Montana] = 0.8  <= 0.8
0.1 <= Impact of Treatment on Fatality Rate[Nebraska] = 0.43677  <= 0.8
0.1 <= Impact of Treatment on Fatality Rate[Nevada] = 0.8  <= 0.8
0.1 <= Impact of Treatment on Fatality Rate[New Hampshire] = 0.674537  <= 0.8
0.1 <= Impact of Treatment on Fatality Rate[New Jersey] = 0.473683  <= 0.8
0.1 <= Impact of Treatment on Fatality Rate[New Mexico] = 0.569295  <= 0.8
0.1 <= Impact of Treatment on Fatality Rate[New York] = 0.773827  <= 0.8
0.1 <= Impact of Treatment on Fatality Rate[North Carolina] = 0.2709  <= 0.8
0.1 <= Impact of Treatment on Fatality Rate[North Dakota] = 0.72159  <= 0.8
0.1 <= Impact of Treatment on Fatality Rate[Ohio] = 0.568631  <= 0.8
0.1 <= Impact of Treatment on Fatality Rate[Oklahoma] = 0.351191  <= 0.8
0.1 <= Impact of Treatment on Fatality Rate[Oregon] = 0.8  <= 0.8
0.1 <= Impact of Treatment on Fatality Rate[Pennsylvania] = 0.100008  <= 0.8
0.1 <= Impact of Treatment on Fatality Rate[Rhode Island] = 0.65038  <= 0.8
0.1 <= Impact of Treatment on Fatality Rate[South Carolina] = 0.320751  <= 0.8
0.1 <= Impact of Treatment on Fatality Rate[South Dakota] = 0.552405  <= 0.8
0.1 <= Impact of Treatment on Fatality Rate[Tennessee] = 0.131949  <= 0.8
0.1 <= Impact of Treatment on Fatality Rate[Texas] = 0.150952  <= 0.8
0.1 <= Impact of Treatment on Fatality Rate[Utah] = 0.77244  <= 0.8
0.1 <= Impact of Treatment on Fatality Rate[Vermont] = 0.743753  <= 0.8
0.1 <= Impact of Treatment on Fatality Rate[Virginia] = 0.734825  <= 0.8
0.1 <= Impact of Treatment on Fatality Rate[Washington] = 0.622629  <= 0.8
0.1 <= Impact of Treatment on Fatality Rate[West Virginia] = 0.8  <= 0.8
0.1 <= Impact of Treatment on Fatality Rate[Wisconsin] = 0.114264  <= 0.8
0.1 <= Impact of Treatment on Fatality Rate[Wyoming] = 0.427557  <= 0.8
1e-06 <= Learning and Death Reduction Rate[Alabama] = 0.257471  <= 4
1e-06 <= Learning and Death Reduction Rate[Alaska] = 1e-06  <= 4
1e-06 <= Learning and Death Reduction Rate[Arizona] = 0.0472595  <= 4
1e-06 <= Learning and Death Reduction Rate[Arkansas] = 0.141849  <= 4
1e-06 <= Learning and Death Reduction Rate[California] = 0.00767112  <= 4
1e-06 <= Learning and Death Reduction Rate[Colorado] = 0.191727  <= 4
1e-06 <= Learning and Death Reduction Rate[Connecticut] = 0.319082  <= 4
1e-06 <= Learning and Death Reduction Rate[District of Columbia] = 0.380302  <= 4
1e-06 <= Learning and Death Reduction Rate[Delaware] = 0.601779  <= 4
1e-06 <= Learning and Death Reduction Rate[Florida] = 1.38934  <= 4
1e-06 <= Learning and Death Reduction Rate[Georgia] = 0.270513  <= 4
1e-06 <= Learning and Death Reduction Rate[Hawaii] = 0.198632  <= 4
1e-06 <= Learning and Death Reduction Rate[Idaho] = 0.78283  <= 4
1e-06 <= Learning and Death Reduction Rate[Illinois] = 1e-06  <= 4
1e-06 <= Learning and Death Reduction Rate[Indiana] = 0.300791  <= 4
1e-06 <= Learning and Death Reduction Rate[Iowa] = 1e-06  <= 4
1e-06 <= Learning and Death Reduction Rate[Kansas] = 0.0844057  <= 4
1e-06 <= Learning and Death Reduction Rate[Kentucky] = 0.225759  <= 4
1e-06 <= Learning and Death Reduction Rate[Louisiana] = 0.166471  <= 4
1e-06 <= Learning and Death Reduction Rate[Maine] = 0.738629  <= 4
1e-06 <= Learning and Death Reduction Rate[Maryland] = 0.0646741  <= 4
1e-06 <= Learning and Death Reduction Rate[Massachusetts] = 0.0470444  <= 4
1e-06 <= Learning and Death Reduction Rate[Michigan] = 0.183125  <= 4
1e-06 <= Learning and Death Reduction Rate[Minnesota] = 0.121769  <= 4
1e-06 <= Learning and Death Reduction Rate[Mississippi] = 0.3141  <= 4
1e-06 <= Learning and Death Reduction Rate[Missouri] = 0.0900097  <= 4
1e-06 <= Learning and Death Reduction Rate[Montana] = 0.163081  <= 4
1e-06 <= Learning and Death Reduction Rate[Nebraska] = 1.47247  <= 4
1e-06 <= Learning and Death Reduction Rate[Nevada] = 2.09477e-05  <= 4
1e-06 <= Learning and Death Reduction Rate[New Hampshire] = 0.667604  <= 4
1e-06 <= Learning and Death Reduction Rate[New Jersey] = 0.325115  <= 4
1e-06 <= Learning and Death Reduction Rate[New Mexico] = 1e-06  <= 4
1e-06 <= Learning and Death Reduction Rate[New York] = 0.722593  <= 4
1e-06 <= Learning and Death Reduction Rate[North Carolina] = 0.253752  <= 4
1e-06 <= Learning and Death Reduction Rate[North Dakota] = 0.153493  <= 4
1e-06 <= Learning and Death Reduction Rate[Ohio] = 1e-06  <= 4
1e-06 <= Learning and Death Reduction Rate[Oklahoma] = 0.194227  <= 4
1e-06 <= Learning and Death Reduction Rate[Oregon] = 0.628364  <= 4
1e-06 <= Learning and Death Reduction Rate[Pennsylvania] = 0.210803  <= 4
1e-06 <= Learning and Death Reduction Rate[Rhode Island] = 0.501701  <= 4
1e-06 <= Learning and Death Reduction Rate[South Carolina] = 0.0679299  <= 4
1e-06 <= Learning and Death Reduction Rate[South Dakota] = 0.870461  <= 4
1e-06 <= Learning and Death Reduction Rate[Tennessee] = 0.100903  <= 4
1e-06 <= Learning and Death Reduction Rate[Texas] = 0.188135  <= 4
1e-06 <= Learning and Death Reduction Rate[Utah] = 0.836493  <= 4
1e-06 <= Learning and Death Reduction Rate[Vermont] = 0.797999  <= 4
1e-06 <= Learning and Death Reduction Rate[Virginia] = 1e-06  <= 4
1e-06 <= Learning and Death Reduction Rate[Washington] = 1.36205  <= 4
1e-06 <= Learning and Death Reduction Rate[West Virginia] = 1e-06  <= 4
1e-06 <= Learning and Death Reduction Rate[Wisconsin] = 0.226019  <= 4
1e-06 <= Learning and Death Reduction Rate[Wyoming] = 0.0411461  <= 4
1e-06 <= Min Contact Fraction[Alabama] = 0.0861772  <= 0.4
1e-06 <= Min Contact Fraction[Alaska] = 0.0132811  <= 0.4
1e-06 <= Min Contact Fraction[Arizona] = 1e-06  <= 0.4
1e-06 <= Min Contact Fraction[Arkansas] = 0.0205169  <= 0.4
1e-06 <= Min Contact Fraction[California] = 1e-06  <= 0.4
1e-06 <= Min Contact Fraction[Colorado] = 0.180522  <= 0.4
1e-06 <= Min Contact Fraction[Connecticut] = 8.12804e-06  <= 0.4
1e-06 <= Min Contact Fraction[District of Columbia] = 0.076885  <= 0.4
1e-06 <= Min Contact Fraction[Delaware] = 0.276956  <= 0.4
1e-06 <= Min Contact Fraction[Florida] = 0.073331  <= 0.4
1e-06 <= Min Contact Fraction[Georgia] = 0.0956879  <= 0.4
1e-06 <= Min Contact Fraction[Hawaii] = 1e-06  <= 0.4
1e-06 <= Min Contact Fraction[Idaho] = 0.116673  <= 0.4
1e-06 <= Min Contact Fraction[Illinois] = 0.0732358  <= 0.4
1e-06 <= Min Contact Fraction[Indiana] = 0.184163  <= 0.4
1e-06 <= Min Contact Fraction[Iowa] = 0.0334883  <= 0.4
1e-06 <= Min Contact Fraction[Kansas] = 0.273299  <= 0.4
1e-06 <= Min Contact Fraction[Kentucky] = 0.111234  <= 0.4
1e-06 <= Min Contact Fraction[Louisiana] = 0.128983  <= 0.4
1e-06 <= Min Contact Fraction[Maine] = 0.101776  <= 0.4
1e-06 <= Min Contact Fraction[Maryland] = 0.0986675  <= 0.4
1e-06 <= Min Contact Fraction[Massachusetts] = 0.170599  <= 0.4
1e-06 <= Min Contact Fraction[Michigan] = 0.188068  <= 0.4
1e-06 <= Min Contact Fraction[Minnesota] = 0.170461  <= 0.4
1e-06 <= Min Contact Fraction[Mississippi] = 0.145812  <= 0.4
1e-06 <= Min Contact Fraction[Missouri] = 0.0354701  <= 0.4
1e-06 <= Min Contact Fraction[Montana] = 1e-06  <= 0.4
1e-06 <= Min Contact Fraction[Nebraska] = 0.0711305  <= 0.4
1e-06 <= Min Contact Fraction[Nevada] = 0.136315  <= 0.4
1e-06 <= Min Contact Fraction[New Hampshire] = 0.215684  <= 0.4
1e-06 <= Min Contact Fraction[New Jersey] = 0.0758377  <= 0.4
1e-06 <= Min Contact Fraction[New Mexico] = 0.08365  <= 0.4
1e-06 <= Min Contact Fraction[New York] = 4.66429e-06  <= 0.4
1e-06 <= Min Contact Fraction[North Carolina] = 0.0917762  <= 0.4
1e-06 <= Min Contact Fraction[North Dakota] = 1e-06  <= 0.4
1e-06 <= Min Contact Fraction[Ohio] = 0.163303  <= 0.4
1e-06 <= Min Contact Fraction[Oklahoma] = 1e-06  <= 0.4
1e-06 <= Min Contact Fraction[Oregon] = 0.0589691  <= 0.4
1e-06 <= Min Contact Fraction[Pennsylvania] = 0.229987  <= 0.4
1e-06 <= Min Contact Fraction[Rhode Island] = 0.199648  <= 0.4
1e-06 <= Min Contact Fraction[South Carolina] = 0.103895  <= 0.4
1e-06 <= Min Contact Fraction[South Dakota] = 0.190239  <= 0.4
1e-06 <= Min Contact Fraction[Tennessee] = 0.137003  <= 0.4
1e-06 <= Min Contact Fraction[Texas] = 0.0802097  <= 0.4
1e-06 <= Min Contact Fraction[Utah] = 0.156516  <= 0.4
1e-06 <= Min Contact Fraction[Vermont] = 0.141969  <= 0.4
1e-06 <= Min Contact Fraction[Virginia] = 0.104836  <= 0.4
1e-06 <= Min Contact Fraction[Washington] = 0.119374  <= 0.4
1e-06 <= Min Contact Fraction[West Virginia] = 0.0410537  <= 0.4
1e-06 <= Min Contact Fraction[Wisconsin] = 0.149304  <= 0.4
1e-06 <= Min Contact Fraction[Wyoming] = 1.42213e-06  <= 0.4
1e-06 <= Multiplier Recent Infections to Test[Alabama] = 9.05052  <= 300
1e-06 <= Multiplier Recent Infections to Test[Alaska] = 25.3186  <= 300
1e-06 <= Multiplier Recent Infections to Test[Arizona] = 32.9779  <= 300
1e-06 <= Multiplier Recent Infections to Test[Arkansas] = 27.4005  <= 300
1e-06 <= Multiplier Recent Infections to Test[California] = 41.6865  <= 300
1e-06 <= Multiplier Recent Infections to Test[Colorado] = 35.6338  <= 300
1e-06 <= Multiplier Recent Infections to Test[Connecticut] = 37.7157  <= 300
1e-06 <= Multiplier Recent Infections to Test[District of Columbia] = 35.9296  <= 300
1e-06 <= Multiplier Recent Infections to Test[Delaware] = 34.8684  <= 300
1e-06 <= Multiplier Recent Infections to Test[Florida] = 40.1235  <= 300
1e-06 <= Multiplier Recent Infections to Test[Georgia] = 28.9348  <= 300
1e-06 <= Multiplier Recent Infections to Test[Hawaii] = 35.1803  <= 300
1e-06 <= Multiplier Recent Infections to Test[Idaho] = 34.7747  <= 300
1e-06 <= Multiplier Recent Infections to Test[Illinois] = 34.6078  <= 300
1e-06 <= Multiplier Recent Infections to Test[Indiana] = 39.2606  <= 300
1e-06 <= Multiplier Recent Infections to Test[Iowa] = 24.5033  <= 300
1e-06 <= Multiplier Recent Infections to Test[Kansas] = 32.8538  <= 300
1e-06 <= Multiplier Recent Infections to Test[Kentucky] = 21.827  <= 300
1e-06 <= Multiplier Recent Infections to Test[Louisiana] = 29.7857  <= 300
1e-06 <= Multiplier Recent Infections to Test[Maine] = 37.0737  <= 300
1e-06 <= Multiplier Recent Infections to Test[Maryland] = 38.5995  <= 300
1e-06 <= Multiplier Recent Infections to Test[Massachusetts] = 35.9005  <= 300
1e-06 <= Multiplier Recent Infections to Test[Michigan] = 34.5291  <= 300
1e-06 <= Multiplier Recent Infections to Test[Minnesota] = 40.7069  <= 300
1e-06 <= Multiplier Recent Infections to Test[Mississippi] = 14.6688  <= 300
1e-06 <= Multiplier Recent Infections to Test[Missouri] = 31.5385  <= 300
1e-06 <= Multiplier Recent Infections to Test[Montana] = 29.4094  <= 300
1e-06 <= Multiplier Recent Infections to Test[Nebraska] = 24.0523  <= 300
1e-06 <= Multiplier Recent Infections to Test[Nevada] = 37.9523  <= 300
1e-06 <= Multiplier Recent Infections to Test[New Hampshire] = 31.0281  <= 300
1e-06 <= Multiplier Recent Infections to Test[New Jersey] = 27.9189  <= 300
1e-06 <= Multiplier Recent Infections to Test[New Mexico] = 38.5686  <= 300
1e-06 <= Multiplier Recent Infections to Test[New York] = 36.6284  <= 300
1e-06 <= Multiplier Recent Infections to Test[North Carolina] = 24.6986  <= 300
1e-06 <= Multiplier Recent Infections to Test[North Dakota] = 38.0475  <= 300
1e-06 <= Multiplier Recent Infections to Test[Ohio] = 26.6465  <= 300
1e-06 <= Multiplier Recent Infections to Test[Oklahoma] = 4.47221  <= 300
1e-06 <= Multiplier Recent Infections to Test[Oregon] = 37.8271  <= 300
1e-06 <= Multiplier Recent Infections to Test[Pennsylvania] = 31.5668  <= 300
1e-06 <= Multiplier Recent Infections to Test[Rhode Island] = 30.6623  <= 300
1e-06 <= Multiplier Recent Infections to Test[South Carolina] = 30.8494  <= 300
1e-06 <= Multiplier Recent Infections to Test[South Dakota] = 13.8544  <= 300
1e-06 <= Multiplier Recent Infections to Test[Tennessee] = 11.4032  <= 300
1e-06 <= Multiplier Recent Infections to Test[Texas] = 30.505  <= 300
1e-06 <= Multiplier Recent Infections to Test[Utah] = 32.7364  <= 300
1e-06 <= Multiplier Recent Infections to Test[Vermont] = 36.5472  <= 300
1e-06 <= Multiplier Recent Infections to Test[Virginia] = 25.9202  <= 300
1e-06 <= Multiplier Recent Infections to Test[Washington] = 36.4802  <= 300
1e-06 <= Multiplier Recent Infections to Test[West Virginia] = 35.3562  <= 300
1e-06 <= Multiplier Recent Infections to Test[Wisconsin] = 31.9266  <= 300
1e-06 <= Multiplier Recent Infections to Test[Wyoming] = 39.3072  <= 300
1e-06 <= Multiplier Transmission Risk for Asymptomatic[Alabama] = 0.402161  <= 1
1e-06 <= Multiplier Transmission Risk for Asymptomatic[Alaska] = 0.389556  <= 1
1e-06 <= Multiplier Transmission Risk for Asymptomatic[Arizona] = 0.392636  <= 1
1e-06 <= Multiplier Transmission Risk for Asymptomatic[Arkansas] = 0.399328  <= 1
1e-06 <= Multiplier Transmission Risk for Asymptomatic[California] = 0.39741  <= 1
1e-06 <= Multiplier Transmission Risk for Asymptomatic[Colorado] = 0.350915  <= 1
1e-06 <= Multiplier Transmission Risk for Asymptomatic[Connecticut] = 0.21852  <= 1
1e-06 <= Multiplier Transmission Risk for Asymptomatic[District of Columbia] = 0.386575  <= 1
1e-06 <= Multiplier Transmission Risk for Asymptomatic[Delaware] = 0.388033  <= 1
1e-06 <= Multiplier Transmission Risk for Asymptomatic[Florida] = 0.388948  <= 1
1e-06 <= Multiplier Transmission Risk for Asymptomatic[Georgia] = 0.396152  <= 1
1e-06 <= Multiplier Transmission Risk for Asymptomatic[Hawaii] = 0.383047  <= 1
1e-06 <= Multiplier Transmission Risk for Asymptomatic[Idaho] = 0.409365  <= 1
1e-06 <= Multiplier Transmission Risk for Asymptomatic[Illinois] = 0.391595  <= 1
1e-06 <= Multiplier Transmission Risk for Asymptomatic[Indiana] = 0.384846  <= 1
1e-06 <= Multiplier Transmission Risk for Asymptomatic[Iowa] = 0.389129  <= 1
1e-06 <= Multiplier Transmission Risk for Asymptomatic[Kansas] = 0.415423  <= 1
1e-06 <= Multiplier Transmission Risk for Asymptomatic[Kentucky] = 0.384976  <= 1
1e-06 <= Multiplier Transmission Risk for Asymptomatic[Louisiana] = 0.364126  <= 1
1e-06 <= Multiplier Transmission Risk for Asymptomatic[Maine] = 0.393608  <= 1
1e-06 <= Multiplier Transmission Risk for Asymptomatic[Maryland] = 0.386387  <= 1
1e-06 <= Multiplier Transmission Risk for Asymptomatic[Massachusetts] = 0.387553  <= 1
1e-06 <= Multiplier Transmission Risk for Asymptomatic[Michigan] = 0.375489  <= 1
1e-06 <= Multiplier Transmission Risk for Asymptomatic[Minnesota] = 0.401515  <= 1
1e-06 <= Multiplier Transmission Risk for Asymptomatic[Mississippi] = 0.38868  <= 1
1e-06 <= Multiplier Transmission Risk for Asymptomatic[Missouri] = 0.391444  <= 1
1e-06 <= Multiplier Transmission Risk for Asymptomatic[Montana] = 0.395479  <= 1
1e-06 <= Multiplier Transmission Risk for Asymptomatic[Nebraska] = 0.390901  <= 1
1e-06 <= Multiplier Transmission Risk for Asymptomatic[Nevada] = 0.392033  <= 1
1e-06 <= Multiplier Transmission Risk for Asymptomatic[New Hampshire] = 0.390865  <= 1
1e-06 <= Multiplier Transmission Risk for Asymptomatic[New Jersey] = 0.509338  <= 1
1e-06 <= Multiplier Transmission Risk for Asymptomatic[New Mexico] = 0.394652  <= 1
1e-06 <= Multiplier Transmission Risk for Asymptomatic[New York] = 0.393702  <= 1
1e-06 <= Multiplier Transmission Risk for Asymptomatic[North Carolina] = 0.392503  <= 1
1e-06 <= Multiplier Transmission Risk for Asymptomatic[North Dakota] = 0.387473  <= 1
1e-06 <= Multiplier Transmission Risk for Asymptomatic[Ohio] = 0.394032  <= 1
1e-06 <= Multiplier Transmission Risk for Asymptomatic[Oklahoma] = 0.392535  <= 1
1e-06 <= Multiplier Transmission Risk for Asymptomatic[Oregon] = 0.393478  <= 1
1e-06 <= Multiplier Transmission Risk for Asymptomatic[Pennsylvania] = 0.394961  <= 1
1e-06 <= Multiplier Transmission Risk for Asymptomatic[Rhode Island] = 0.388972  <= 1
1e-06 <= Multiplier Transmission Risk for Asymptomatic[South Carolina] = 0.391847  <= 1
1e-06 <= Multiplier Transmission Risk for Asymptomatic[South Dakota] = 0.341061  <= 1
1e-06 <= Multiplier Transmission Risk for Asymptomatic[Tennessee] = 0.395773  <= 1
1e-06 <= Multiplier Transmission Risk for Asymptomatic[Texas] = 0.392091  <= 1
1e-06 <= Multiplier Transmission Risk for Asymptomatic[Utah] = 0.392908  <= 1
1e-06 <= Multiplier Transmission Risk for Asymptomatic[Vermont] = 0.389999  <= 1
1e-06 <= Multiplier Transmission Risk for Asymptomatic[Virginia] = 0.39198  <= 1
1e-06 <= Multiplier Transmission Risk for Asymptomatic[Washington] = 0.402706  <= 1
1e-06 <= Multiplier Transmission Risk for Asymptomatic[West Virginia] = 0.392866  <= 1
1e-06 <= Multiplier Transmission Risk for Asymptomatic[Wisconsin] = 0.381786  <= 1
1e-06 <= Multiplier Transmission Risk for Asymptomatic[Wyoming] = 0.398958  <= 1
50 <= Patient Zero Arrival Time[Alabama] = 59.7839  <= 160
50 <= Patient Zero Arrival Time[Alaska] = 57.4562  <= 160
50 <= Patient Zero Arrival Time[Arizona] = 57.2382  <= 160
50 <= Patient Zero Arrival Time[Arkansas] = 56.9998  <= 160
50 <= Patient Zero Arrival Time[California] = 59.7788  <= 160
50 <= Patient Zero Arrival Time[Colorado] = 58.1337  <= 160
50 <= Patient Zero Arrival Time[Connecticut] = 63.2441  <= 160
50 <= Patient Zero Arrival Time[District of Columbia] = 56.7476  <= 160
50 <= Patient Zero Arrival Time[Delaware] = 56.9964  <= 160
50 <= Patient Zero Arrival Time[Florida] = 56.7419  <= 160
50 <= Patient Zero Arrival Time[Georgia] = 56.7477  <= 160
50 <= Patient Zero Arrival Time[Hawaii] = 56.9867  <= 160
50 <= Patient Zero Arrival Time[Idaho] = 73.276  <= 160
50 <= Patient Zero Arrival Time[Illinois] = 63.995  <= 160
50 <= Patient Zero Arrival Time[Indiana] = 69.3029  <= 160
50 <= Patient Zero Arrival Time[Iowa] = 57.412  <= 160
50 <= Patient Zero Arrival Time[Kansas] = 102.996  <= 160
50 <= Patient Zero Arrival Time[Kentucky] = 70.9495  <= 160
50 <= Patient Zero Arrival Time[Louisiana] = 56.7483  <= 160
50 <= Patient Zero Arrival Time[Maine] = 57.0713  <= 160
50 <= Patient Zero Arrival Time[Maryland] = 56.7472  <= 160
50 <= Patient Zero Arrival Time[Massachusetts] = 59.9803  <= 160
50 <= Patient Zero Arrival Time[Michigan] = 56.9994  <= 160
50 <= Patient Zero Arrival Time[Minnesota] = 57.2056  <= 160
50 <= Patient Zero Arrival Time[Mississippi] = 56.7479  <= 160
50 <= Patient Zero Arrival Time[Missouri] = 56.7454  <= 160
50 <= Patient Zero Arrival Time[Montana] = 85.5755  <= 160
50 <= Patient Zero Arrival Time[Nebraska] = 57.1795  <= 160
50 <= Patient Zero Arrival Time[Nevada] = 56.7479  <= 160
50 <= Patient Zero Arrival Time[New Hampshire] = 57.1984  <= 160
50 <= Patient Zero Arrival Time[New Jersey] = 55.4982  <= 160
50 <= Patient Zero Arrival Time[New Mexico] = 57.1279  <= 160
50 <= Patient Zero Arrival Time[New York] = 63.2921  <= 160
50 <= Patient Zero Arrival Time[North Carolina] = 56.7395  <= 160
50 <= Patient Zero Arrival Time[North Dakota] = 55.2478  <= 160
50 <= Patient Zero Arrival Time[Ohio] = 57.0436  <= 160
50 <= Patient Zero Arrival Time[Oklahoma] = 56.748  <= 160
50 <= Patient Zero Arrival Time[Oregon] = 57.8292  <= 160
50 <= Patient Zero Arrival Time[Pennsylvania] = 57.5656  <= 160
50 <= Patient Zero Arrival Time[Rhode Island] = 61.811  <= 160
50 <= Patient Zero Arrival Time[South Carolina] = 62.5392  <= 160
50 <= Patient Zero Arrival Time[South Dakota] = 57.5403  <= 160
50 <= Patient Zero Arrival Time[Tennessee] = 58.1162  <= 160
50 <= Patient Zero Arrival Time[Texas] = 56.9956  <= 160
50 <= Patient Zero Arrival Time[Utah] = 56.9999  <= 160
50 <= Patient Zero Arrival Time[Vermont] = 64.4409  <= 160
50 <= Patient Zero Arrival Time[Virginia] = 58.6842  <= 160
50 <= Patient Zero Arrival Time[Washington] = 74.6726  <= 160
50 <= Patient Zero Arrival Time[West Virginia] = 63.6638  <= 160
50 <= Patient Zero Arrival Time[Wisconsin] = 56.745  <= 160
50 <= Patient Zero Arrival Time[Wyoming] = 57.0002  <= 160
0.4 <= Reference COVID Hospitalization Fraction Confirmed[Alabama] = 0.55785  <= 0.8
0.4 <= Reference COVID Hospitalization Fraction Confirmed[Alaska] = 0.593617  <= 0.8
0.4 <= Reference COVID Hospitalization Fraction Confirmed[Arizona] = 0.506941  <= 0.8
0.4 <= Reference COVID Hospitalization Fraction Confirmed[Arkansas] = 0.4  <= 0.8
0.4 <= Reference COVID Hospitalization Fraction Confirmed[California] = 0.4  <= 0.8
0.4 <= Reference COVID Hospitalization Fraction Confirmed[Colorado] = 0.418217  <= 0.8
0.4 <= Reference COVID Hospitalization Fraction Confirmed[Connecticut] = 0.4  <= 0.8
0.4 <= Reference COVID Hospitalization Fraction Confirmed[District of Columbia] = 0.4  <= 0.8
0.4 <= Reference COVID Hospitalization Fraction Confirmed[Delaware] = 0.40445  <= 0.8
0.4 <= Reference COVID Hospitalization Fraction Confirmed[Florida] = 0.799879  <= 0.8
0.4 <= Reference COVID Hospitalization Fraction Confirmed[Georgia] = 0.637054  <= 0.8
0.4 <= Reference COVID Hospitalization Fraction Confirmed[Hawaii] = 0.8  <= 0.8
0.4 <= Reference COVID Hospitalization Fraction Confirmed[Idaho] = 0.489802  <= 0.8
0.4 <= Reference COVID Hospitalization Fraction Confirmed[Illinois] = 0.427916  <= 0.8
0.4 <= Reference COVID Hospitalization Fraction Confirmed[Indiana] = 0.642667  <= 0.8
0.4 <= Reference COVID Hospitalization Fraction Confirmed[Iowa] = 0.704759  <= 0.8
0.4 <= Reference COVID Hospitalization Fraction Confirmed[Kansas] = 0.503094  <= 0.8
0.4 <= Reference COVID Hospitalization Fraction Confirmed[Kentucky] = 0.8  <= 0.8
0.4 <= Reference COVID Hospitalization Fraction Confirmed[Louisiana] = 0.4  <= 0.8
0.4 <= Reference COVID Hospitalization Fraction Confirmed[Maine] = 0.4  <= 0.8
0.4 <= Reference COVID Hospitalization Fraction Confirmed[Maryland] = 0.4  <= 0.8
0.4 <= Reference COVID Hospitalization Fraction Confirmed[Massachusetts] = 0.444302  <= 0.8
0.4 <= Reference COVID Hospitalization Fraction Confirmed[Michigan] = 0.4  <= 0.8
0.4 <= Reference COVID Hospitalization Fraction Confirmed[Minnesota] = 0.4  <= 0.8
0.4 <= Reference COVID Hospitalization Fraction Confirmed[Mississippi] = 0.543123  <= 0.8
0.4 <= Reference COVID Hospitalization Fraction Confirmed[Missouri] = 0.799904  <= 0.8
0.4 <= Reference COVID Hospitalization Fraction Confirmed[Montana] = 0.4  <= 0.8
0.4 <= Reference COVID Hospitalization Fraction Confirmed[Nebraska] = 0.4  <= 0.8
0.4 <= Reference COVID Hospitalization Fraction Confirmed[Nevada] = 0.4  <= 0.8
0.4 <= Reference COVID Hospitalization Fraction Confirmed[New Hampshire] = 0.400001  <= 0.8
0.4 <= Reference COVID Hospitalization Fraction Confirmed[New Jersey] = 0.407818  <= 0.8
0.4 <= Reference COVID Hospitalization Fraction Confirmed[New Mexico] = 0.4  <= 0.8
0.4 <= Reference COVID Hospitalization Fraction Confirmed[New York] = 0.4  <= 0.8
0.4 <= Reference COVID Hospitalization Fraction Confirmed[North Carolina] = 0.4  <= 0.8
0.4 <= Reference COVID Hospitalization Fraction Confirmed[North Dakota] = 0.656158  <= 0.8
0.4 <= Reference COVID Hospitalization Fraction Confirmed[Ohio] = 0.454942  <= 0.8
0.4 <= Reference COVID Hospitalization Fraction Confirmed[Oklahoma] = 0.4  <= 0.8
0.4 <= Reference COVID Hospitalization Fraction Confirmed[Oregon] = 0.480023  <= 0.8
0.4 <= Reference COVID Hospitalization Fraction Confirmed[Pennsylvania] = 0.692665  <= 0.8
0.4 <= Reference COVID Hospitalization Fraction Confirmed[Rhode Island] = 0.4  <= 0.8
0.4 <= Reference COVID Hospitalization Fraction Confirmed[South Carolina] = 0.4  <= 0.8
0.4 <= Reference COVID Hospitalization Fraction Confirmed[South Dakota] = 0.692652  <= 0.8
0.4 <= Reference COVID Hospitalization Fraction Confirmed[Tennessee] = 0.668938  <= 0.8
0.4 <= Reference COVID Hospitalization Fraction Confirmed[Texas] = 0.525416  <= 0.8
0.4 <= Reference COVID Hospitalization Fraction Confirmed[Utah] = 0.4  <= 0.8
0.4 <= Reference COVID Hospitalization Fraction Confirmed[Vermont] = 0.4  <= 0.8
0.4 <= Reference COVID Hospitalization Fraction Confirmed[Virginia] = 0.4  <= 0.8
0.4 <= Reference COVID Hospitalization Fraction Confirmed[Washington] = 0.637169  <= 0.8
0.4 <= Reference COVID Hospitalization Fraction Confirmed[West Virginia] = 0.416337  <= 0.8
0.4 <= Reference COVID Hospitalization Fraction Confirmed[Wisconsin] = 0.8  <= 0.8
0.4 <= Reference COVID Hospitalization Fraction Confirmed[Wyoming] = 0.400004  <= 0.8
0.05 <= Reference Force of Infection[Alabama] = 0.275575  <= 1.5
0.05 <= Reference Force of Infection[Alaska] = 0.388883  <= 1.5
0.05 <= Reference Force of Infection[Arizona] = 0.617498  <= 1.5
0.05 <= Reference Force of Infection[Arkansas] = 0.326672  <= 1.5
0.05 <= Reference Force of Infection[California] = 0.337253  <= 1.5
0.05 <= Reference Force of Infection[Colorado] = 0.408292  <= 1.5
0.05 <= Reference Force of Infection[Connecticut] = 0.342953  <= 1.5
0.05 <= Reference Force of Infection[District of Columbia] = 0.373365  <= 1.5
0.05 <= Reference Force of Infection[Delaware] = 0.247988  <= 1.5
0.05 <= Reference Force of Infection[Florida] = 0.3388  <= 1.5
0.05 <= Reference Force of Infection[Georgia] = 0.428949  <= 1.5
0.05 <= Reference Force of Infection[Hawaii] = 0.242933  <= 1.5
0.05 <= Reference Force of Infection[Idaho] = 0.368315  <= 1.5
0.05 <= Reference Force of Infection[Illinois] = 0.250082  <= 1.5
0.05 <= Reference Force of Infection[Indiana] = 0.43098  <= 1.5
0.05 <= Reference Force of Infection[Iowa] = 0.213878  <= 1.5
0.05 <= Reference Force of Infection[Kansas] = 0.331233  <= 1.5
0.05 <= Reference Force of Infection[Kentucky] = 0.448693  <= 1.5
0.05 <= Reference Force of Infection[Louisiana] = 0.513525  <= 1.5
0.05 <= Reference Force of Infection[Maine] = 0.572488  <= 1.5
0.05 <= Reference Force of Infection[Maryland] = 0.331878  <= 1.5
0.05 <= Reference Force of Infection[Massachusetts] = 0.249407  <= 1.5
0.05 <= Reference Force of Infection[Michigan] = 0.255918  <= 1.5
0.05 <= Reference Force of Infection[Minnesota] = 0.208521  <= 1.5
0.05 <= Reference Force of Infection[Mississippi] = 0.332263  <= 1.5
0.05 <= Reference Force of Infection[Missouri] = 0.392793  <= 1.5
0.05 <= Reference Force of Infection[Montana] = 0.813292  <= 1.5
0.05 <= Reference Force of Infection[Nebraska] = 0.63312  <= 1.5
0.05 <= Reference Force of Infection[Nevada] = 0.378469  <= 1.5
0.05 <= Reference Force of Infection[New Hampshire] = 0.298182  <= 1.5
0.05 <= Reference Force of Infection[New Jersey] = 0.282046  <= 1.5
0.05 <= Reference Force of Infection[New Mexico] = 0.934178  <= 1.5
0.05 <= Reference Force of Infection[New York] = 0.269762  <= 1.5
0.05 <= Reference Force of Infection[North Carolina] = 0.338108  <= 1.5
0.05 <= Reference Force of Infection[North Dakota] = 0.240119  <= 1.5
0.05 <= Reference Force of Infection[Ohio] = 0.274032  <= 1.5
0.05 <= Reference Force of Infection[Oklahoma] = 0.348807  <= 1.5
0.05 <= Reference Force of Infection[Oregon] = 0.442866  <= 1.5
0.05 <= Reference Force of Infection[Pennsylvania] = 0.331843  <= 1.5
0.05 <= Reference Force of Infection[Rhode Island] = 0.23  <= 1.5
0.05 <= Reference Force of Infection[South Carolina] = 0.46035  <= 1.5
0.05 <= Reference Force of Infection[South Dakota] = 0.22207  <= 1.5
0.05 <= Reference Force of Infection[Tennessee] = 0.388686  <= 1.5
0.05 <= Reference Force of Infection[Texas] = 0.487092  <= 1.5
0.05 <= Reference Force of Infection[Utah] = 0.396421  <= 1.5
0.05 <= Reference Force of Infection[Vermont] = 0.313066  <= 1.5
0.05 <= Reference Force of Infection[Virginia] = 0.343687  <= 1.5
0.05 <= Reference Force of Infection[Washington] = 0.335636  <= 1.5
0.05 <= Reference Force of Infection[West Virginia] = 0.327903  <= 1.5
0.05 <= Reference Force of Infection[Wisconsin] = 0.418139  <= 1.5
0.05 <= Reference Force of Infection[Wyoming] = 0.559616  <= 1.5
1e-06 <= Sensitivity of Fatality Rate to Acuity[Alabama] = 2.49886  <= 5
1e-06 <= Sensitivity of Fatality Rate to Acuity[Alaska] = 2.49874  <= 5
1e-06 <= Sensitivity of Fatality Rate to Acuity[Arizona] = 2.4989  <= 5
1e-06 <= Sensitivity of Fatality Rate to Acuity[Arkansas] = 2.50074  <= 5
1e-06 <= Sensitivity of Fatality Rate to Acuity[California] = 2.50059  <= 5
1e-06 <= Sensitivity of Fatality Rate to Acuity[Colorado] = 2.48252  <= 5
1e-06 <= Sensitivity of Fatality Rate to Acuity[Connecticut] = 2.55398  <= 5
1e-06 <= Sensitivity of Fatality Rate to Acuity[District of Columbia] = 2.49972  <= 5
1e-06 <= Sensitivity of Fatality Rate to Acuity[Delaware] = 2.50593  <= 5
1e-06 <= Sensitivity of Fatality Rate to Acuity[Florida] = 2.50326  <= 5
1e-06 <= Sensitivity of Fatality Rate to Acuity[Georgia] = 2.49562  <= 5
1e-06 <= Sensitivity of Fatality Rate to Acuity[Hawaii] = 2.50012  <= 5
1e-06 <= Sensitivity of Fatality Rate to Acuity[Idaho] = 2.50287  <= 5
1e-06 <= Sensitivity of Fatality Rate to Acuity[Illinois] = 2.49638  <= 5
1e-06 <= Sensitivity of Fatality Rate to Acuity[Indiana] = 2.50315  <= 5
1e-06 <= Sensitivity of Fatality Rate to Acuity[Iowa] = 2.49495  <= 5
1e-06 <= Sensitivity of Fatality Rate to Acuity[Kansas] = 2.50024  <= 5
1e-06 <= Sensitivity of Fatality Rate to Acuity[Kentucky] = 2.49733  <= 5
1e-06 <= Sensitivity of Fatality Rate to Acuity[Louisiana] = 2.49507  <= 5
1e-06 <= Sensitivity of Fatality Rate to Acuity[Maine] = 2.50261  <= 5
1e-06 <= Sensitivity of Fatality Rate to Acuity[Maryland] = 2.49766  <= 5
1e-06 <= Sensitivity of Fatality Rate to Acuity[Massachusetts] = 2.49831  <= 5
1e-06 <= Sensitivity of Fatality Rate to Acuity[Michigan] = 2.49275  <= 5
1e-06 <= Sensitivity of Fatality Rate to Acuity[Minnesota] = 2.49427  <= 5
1e-06 <= Sensitivity of Fatality Rate to Acuity[Mississippi] = 2.49866  <= 5
1e-06 <= Sensitivity of Fatality Rate to Acuity[Missouri] = 2.49502  <= 5
1e-06 <= Sensitivity of Fatality Rate to Acuity[Montana] = 2.50219  <= 5
1e-06 <= Sensitivity of Fatality Rate to Acuity[Nebraska] = 2.5013  <= 5
1e-06 <= Sensitivity of Fatality Rate to Acuity[Nevada] = 2.49724  <= 5
1e-06 <= Sensitivity of Fatality Rate to Acuity[New Hampshire] = 2.50159  <= 5
1e-06 <= Sensitivity of Fatality Rate to Acuity[New Jersey] = 2.48256  <= 5
1e-06 <= Sensitivity of Fatality Rate to Acuity[New Mexico] = 2.4996  <= 5
1e-06 <= Sensitivity of Fatality Rate to Acuity[New York] = 2.50383  <= 5
1e-06 <= Sensitivity of Fatality Rate to Acuity[North Carolina] = 2.49498  <= 5
1e-06 <= Sensitivity of Fatality Rate to Acuity[North Dakota] = 2.50124  <= 5
1e-06 <= Sensitivity of Fatality Rate to Acuity[Ohio] = 2.50068  <= 5
1e-06 <= Sensitivity of Fatality Rate to Acuity[Oklahoma] = 2.49637  <= 5
1e-06 <= Sensitivity of Fatality Rate to Acuity[Oregon] = 2.50553  <= 5
1e-06 <= Sensitivity of Fatality Rate to Acuity[Pennsylvania] = 2.50152  <= 5
1e-06 <= Sensitivity of Fatality Rate to Acuity[Rhode Island] = 2.50058  <= 5
1e-06 <= Sensitivity of Fatality Rate to Acuity[South Carolina] = 2.49868  <= 5
1e-06 <= Sensitivity of Fatality Rate to Acuity[South Dakota] = 2.47513  <= 5
1e-06 <= Sensitivity of Fatality Rate to Acuity[Tennessee] = 2.49859  <= 5
1e-06 <= Sensitivity of Fatality Rate to Acuity[Texas] = 2.50235  <= 5
1e-06 <= Sensitivity of Fatality Rate to Acuity[Utah] = 2.50157  <= 5
1e-06 <= Sensitivity of Fatality Rate to Acuity[Vermont] = 2.50168  <= 5
1e-06 <= Sensitivity of Fatality Rate to Acuity[Virginia] = 2.49879  <= 5
1e-06 <= Sensitivity of Fatality Rate to Acuity[Washington] = 2.49714  <= 5
1e-06 <= Sensitivity of Fatality Rate to Acuity[West Virginia] = 2.49814  <= 5
1e-06 <= Sensitivity of Fatality Rate to Acuity[Wisconsin] = 2.49473  <= 5
1e-06 <= Sensitivity of Fatality Rate to Acuity[Wyoming] = 2.49886  <= 5
0.01 <= Sensitivity of Contact Reduction to Utility[Alabama] = 0.247226  <= 50
0.01 <= Sensitivity of Contact Reduction to Utility[Alaska] = 1.16793  <= 50
0.01 <= Sensitivity of Contact Reduction to Utility[Arizona] = 0.01  <= 50
0.01 <= Sensitivity of Contact Reduction to Utility[Arkansas] = 1.91352  <= 50
0.01 <= Sensitivity of Contact Reduction to Utility[California] = 6.1251  <= 50
0.01 <= Sensitivity of Contact Reduction to Utility[Colorado] = 4.61224  <= 50
0.01 <= Sensitivity of Contact Reduction to Utility[Connecticut] = 0.526979  <= 50
0.01 <= Sensitivity of Contact Reduction to Utility[District of Columbia] = 0.377817  <= 50
0.01 <= Sensitivity of Contact Reduction to Utility[Delaware] = 2.0621  <= 50
0.01 <= Sensitivity of Contact Reduction to Utility[Florida] = 11.768  <= 50
0.01 <= Sensitivity of Contact Reduction to Utility[Georgia] = 6.69896  <= 50
0.01 <= Sensitivity of Contact Reduction to Utility[Hawaii] = 1.54965  <= 50
0.01 <= Sensitivity of Contact Reduction to Utility[Idaho] = 2.61828  <= 50
0.01 <= Sensitivity of Contact Reduction to Utility[Illinois] = 0.102871  <= 50
0.01 <= Sensitivity of Contact Reduction to Utility[Indiana] = 10.285  <= 50
0.01 <= Sensitivity of Contact Reduction to Utility[Iowa] = 1.95552  <= 50
0.01 <= Sensitivity of Contact Reduction to Utility[Kansas] = 2.11894  <= 50
0.01 <= Sensitivity of Contact Reduction to Utility[Kentucky] = 1.04172  <= 50
0.01 <= Sensitivity of Contact Reduction to Utility[Louisiana] = 4.14523  <= 50
0.01 <= Sensitivity of Contact Reduction to Utility[Maine] = 0.741512  <= 50
0.01 <= Sensitivity of Contact Reduction to Utility[Maryland] = 0.133148  <= 50
0.01 <= Sensitivity of Contact Reduction to Utility[Massachusetts] = 0.0926224  <= 50
0.01 <= Sensitivity of Contact Reduction to Utility[Michigan] = 2.7567  <= 50
0.01 <= Sensitivity of Contact Reduction to Utility[Minnesota] = 3.70718  <= 50
0.01 <= Sensitivity of Contact Reduction to Utility[Mississippi] = 2.21184  <= 50
0.01 <= Sensitivity of Contact Reduction to Utility[Missouri] = 0.0108361  <= 50
0.01 <= Sensitivity of Contact Reduction to Utility[Montana] = 0.01  <= 50
0.01 <= Sensitivity of Contact Reduction to Utility[Nebraska] = 0.01  <= 50
0.01 <= Sensitivity of Contact Reduction to Utility[Nevada] = 2.24764  <= 50
0.01 <= Sensitivity of Contact Reduction to Utility[New Hampshire] = 0.663108  <= 50
0.01 <= Sensitivity of Contact Reduction to Utility[New Jersey] = 1.32749  <= 50
0.01 <= Sensitivity of Contact Reduction to Utility[New Mexico] = 0.01  <= 50
0.01 <= Sensitivity of Contact Reduction to Utility[New York] = 0.01  <= 50
0.01 <= Sensitivity of Contact Reduction to Utility[North Carolina] = 0.01  <= 50
0.01 <= Sensitivity of Contact Reduction to Utility[North Dakota] = 0.544221  <= 50
0.01 <= Sensitivity of Contact Reduction to Utility[Ohio] = 0.01  <= 50
0.01 <= Sensitivity of Contact Reduction to Utility[Oklahoma] = 0.0100641  <= 50
0.01 <= Sensitivity of Contact Reduction to Utility[Oregon] = 2.47611  <= 50
0.01 <= Sensitivity of Contact Reduction to Utility[Pennsylvania] = 6.87328  <= 50
0.01 <= Sensitivity of Contact Reduction to Utility[Rhode Island] = 0.528432  <= 50
0.01 <= Sensitivity of Contact Reduction to Utility[South Carolina] = 0.13448  <= 50
0.01 <= Sensitivity of Contact Reduction to Utility[South Dakota] = 1.07979  <= 50
0.01 <= Sensitivity of Contact Reduction to Utility[Tennessee] = 1.29464  <= 50
0.01 <= Sensitivity of Contact Reduction to Utility[Texas] = 2.0524  <= 50
0.01 <= Sensitivity of Contact Reduction to Utility[Utah] = 0.50056  <= 50
0.01 <= Sensitivity of Contact Reduction to Utility[Vermont] = 0.274114  <= 50
0.01 <= Sensitivity of Contact Reduction to Utility[Virginia] = 0.928295  <= 50
0.01 <= Sensitivity of Contact Reduction to Utility[Washington] = 2.30275  <= 50
0.01 <= Sensitivity of Contact Reduction to Utility[West Virginia] = 1.52628  <= 50
0.01 <= Sensitivity of Contact Reduction to Utility[Wisconsin] = 10.9147  <= 50
0.01 <= Sensitivity of Contact Reduction to Utility[Wyoming] = 0.181084  <= 50
1e-06 <= Strength of Adherence Fatigue[Alabama] = 0.441169  <= 5
1e-06 <= Strength of Adherence Fatigue[Alaska] = 0.305517  <= 5
1e-06 <= Strength of Adherence Fatigue[Arizona] = 1.47808  <= 5
1e-06 <= Strength of Adherence Fatigue[Arkansas] = 0.826714  <= 5
1e-06 <= Strength of Adherence Fatigue[California] = 2.96162  <= 5
1e-06 <= Strength of Adherence Fatigue[Colorado] = 0.0383609  <= 5
1e-06 <= Strength of Adherence Fatigue[Connecticut] = 1.74346  <= 5
1e-06 <= Strength of Adherence Fatigue[District of Columbia] = 1.97665  <= 5
1e-06 <= Strength of Adherence Fatigue[Delaware] = 0.489952  <= 5
1e-06 <= Strength of Adherence Fatigue[Florida] = 0.37026  <= 5
1e-06 <= Strength of Adherence Fatigue[Georgia] = 0.786479  <= 5
1e-06 <= Strength of Adherence Fatigue[Hawaii] = 0.425109  <= 5
1e-06 <= Strength of Adherence Fatigue[Idaho] = 0.611438  <= 5
1e-06 <= Strength of Adherence Fatigue[Illinois] = 1.34483  <= 5
1e-06 <= Strength of Adherence Fatigue[Indiana] = 1e-06  <= 5
1e-06 <= Strength of Adherence Fatigue[Iowa] = 1.05718  <= 5
1e-06 <= Strength of Adherence Fatigue[Kansas] = 1.18212  <= 5
1e-06 <= Strength of Adherence Fatigue[Kentucky] = 0.115158  <= 5
1e-06 <= Strength of Adherence Fatigue[Louisiana] = 1.01313  <= 5
1e-06 <= Strength of Adherence Fatigue[Maine] = 0.456224  <= 5
1e-06 <= Strength of Adherence Fatigue[Maryland] = 2.26665  <= 5
1e-06 <= Strength of Adherence Fatigue[Massachusetts] = 2.49653  <= 5
1e-06 <= Strength of Adherence Fatigue[Michigan] = 0.393994  <= 5
1e-06 <= Strength of Adherence Fatigue[Minnesota] = 0.279839  <= 5
1e-06 <= Strength of Adherence Fatigue[Mississippi] = 0.647604  <= 5
1e-06 <= Strength of Adherence Fatigue[Missouri] = 0.992004  <= 5
1e-06 <= Strength of Adherence Fatigue[Montana] = 2.28854  <= 5
1e-06 <= Strength of Adherence Fatigue[Nebraska] = 1.22793  <= 5
1e-06 <= Strength of Adherence Fatigue[Nevada] = 0.249201  <= 5
1e-06 <= Strength of Adherence Fatigue[New Hampshire] = 1.08922  <= 5
1e-06 <= Strength of Adherence Fatigue[New Jersey] = 1.71072  <= 5
1e-06 <= Strength of Adherence Fatigue[New Mexico] = 2.56353  <= 5
1e-06 <= Strength of Adherence Fatigue[New York] = 2.59518  <= 5
1e-06 <= Strength of Adherence Fatigue[North Carolina] = 0.663322  <= 5
1e-06 <= Strength of Adherence Fatigue[North Dakota] = 1e-06  <= 5
1e-06 <= Strength of Adherence Fatigue[Ohio] = 0.414337  <= 5
1e-06 <= Strength of Adherence Fatigue[Oklahoma] = 0.683674  <= 5
1e-06 <= Strength of Adherence Fatigue[Oregon] = 1e-06  <= 5
1e-06 <= Strength of Adherence Fatigue[Pennsylvania] = 0.161021  <= 5
1e-06 <= Strength of Adherence Fatigue[Rhode Island] = 0.758216  <= 5
1e-06 <= Strength of Adherence Fatigue[South Carolina] = 0.544831  <= 5
1e-06 <= Strength of Adherence Fatigue[South Dakota] = 0.315596  <= 5
1e-06 <= Strength of Adherence Fatigue[Tennessee] = 0.429157  <= 5
1e-06 <= Strength of Adherence Fatigue[Texas] = 1e-06  <= 5
1e-06 <= Strength of Adherence Fatigue[Utah] = 0.433789  <= 5
1e-06 <= Strength of Adherence Fatigue[Vermont] = 1.15524  <= 5
1e-06 <= Strength of Adherence Fatigue[Virginia] = 1.34381  <= 5
1e-06 <= Strength of Adherence Fatigue[Washington] = 0.0155606  <= 5
1e-06 <= Strength of Adherence Fatigue[West Virginia] = 1e-06  <= 5
1e-06 <= Strength of Adherence Fatigue[Wisconsin] = 0.0207533  <= 5
1e-06 <= Strength of Adherence Fatigue[Wyoming] = 1.55586  <= 5
10 <= Time to Downgrade Risk[Alabama] = 182.881  <= 500
10 <= Time to Downgrade Risk[Alaska] = 229.235  <= 500
10 <= Time to Downgrade Risk[Arizona] = 67.382  <= 500
10 <= Time to Downgrade Risk[Arkansas] = 499.942  <= 500
10 <= Time to Downgrade Risk[California] = 19.8686  <= 500
10 <= Time to Downgrade Risk[Colorado] = 41.237  <= 500
10 <= Time to Downgrade Risk[Connecticut] = 17.1008  <= 500
10 <= Time to Downgrade Risk[District of Columbia] = 10  <= 500
10 <= Time to Downgrade Risk[Delaware] = 10.001  <= 500
10 <= Time to Downgrade Risk[Florida] = 163.186  <= 500
10 <= Time to Downgrade Risk[Georgia] = 336.159  <= 500
10 <= Time to Downgrade Risk[Hawaii] = 126.025  <= 500
10 <= Time to Downgrade Risk[Idaho] = 259.605  <= 500
10 <= Time to Downgrade Risk[Illinois] = 11.3999  <= 500
10 <= Time to Downgrade Risk[Indiana] = 28.7833  <= 500
10 <= Time to Downgrade Risk[Iowa] = 98.8558  <= 500
10 <= Time to Downgrade Risk[Kansas] = 40.1031  <= 500
10 <= Time to Downgrade Risk[Kentucky] = 227.742  <= 500
10 <= Time to Downgrade Risk[Louisiana] = 500  <= 500
10 <= Time to Downgrade Risk[Maine] = 17.8447  <= 500
10 <= Time to Downgrade Risk[Maryland] = 10.0014  <= 500
10 <= Time to Downgrade Risk[Massachusetts] = 14.4909  <= 500
10 <= Time to Downgrade Risk[Michigan] = 55.1722  <= 500
10 <= Time to Downgrade Risk[Minnesota] = 73.1535  <= 500
10 <= Time to Downgrade Risk[Mississippi] = 500  <= 500
10 <= Time to Downgrade Risk[Missouri] = 77.6604  <= 500
10 <= Time to Downgrade Risk[Montana] = 19.1336  <= 500
10 <= Time to Downgrade Risk[Nebraska] = 62.093  <= 500
10 <= Time to Downgrade Risk[Nevada] = 99.9784  <= 500
10 <= Time to Downgrade Risk[New Hampshire] = 17.4151  <= 500
10 <= Time to Downgrade Risk[New Jersey] = 10  <= 500
10 <= Time to Downgrade Risk[New Mexico] = 16.6344  <= 500
10 <= Time to Downgrade Risk[New York] = 12.8999  <= 500
10 <= Time to Downgrade Risk[North Carolina] = 34.9205  <= 500
10 <= Time to Downgrade Risk[North Dakota] = 94.207  <= 500
10 <= Time to Downgrade Risk[Ohio] = 10  <= 500
10 <= Time to Downgrade Risk[Oklahoma] = 67.0676  <= 500
10 <= Time to Downgrade Risk[Oregon] = 68.0984  <= 500
10 <= Time to Downgrade Risk[Pennsylvania] = 10  <= 500
10 <= Time to Downgrade Risk[Rhode Island] = 11.9357  <= 500
10 <= Time to Downgrade Risk[South Carolina] = 141.585  <= 500
10 <= Time to Downgrade Risk[South Dakota] = 74.0461  <= 500
10 <= Time to Downgrade Risk[Tennessee] = 244.133  <= 500
10 <= Time to Downgrade Risk[Texas] = 106.381  <= 500
10 <= Time to Downgrade Risk[Utah] = 31.4917  <= 500
10 <= Time to Downgrade Risk[Vermont] = 17.4254  <= 500
10 <= Time to Downgrade Risk[Virginia] = 94.4555  <= 500
10 <= Time to Downgrade Risk[Washington] = 10  <= 500
10 <= Time to Downgrade Risk[West Virginia] = 78.0842  <= 500
10 <= Time to Downgrade Risk[Wisconsin] = 62.8936  <= 500
10 <= Time to Downgrade Risk[Wyoming] = 52.1638  <= 500
1 <= Time to Upgrade Risk[Alabama] = 1  <= 200
1 <= Time to Upgrade Risk[Alaska] = 1.33838  <= 200
1 <= Time to Upgrade Risk[Arizona] = 1  <= 200
1 <= Time to Upgrade Risk[Arkansas] = 14.8635  <= 200
1 <= Time to Upgrade Risk[California] = 5.16679  <= 200
1 <= Time to Upgrade Risk[Colorado] = 3.02218  <= 200
1 <= Time to Upgrade Risk[Connecticut] = 54.8826  <= 200
1 <= Time to Upgrade Risk[District of Columbia] = 43.3442  <= 200
1 <= Time to Upgrade Risk[Delaware] = 30.5364  <= 200
1 <= Time to Upgrade Risk[Florida] = 13.1655  <= 200
1 <= Time to Upgrade Risk[Georgia] = 6.00743  <= 200
1 <= Time to Upgrade Risk[Hawaii] = 6.64753  <= 200
1 <= Time to Upgrade Risk[Idaho] = 10.9006  <= 200
1 <= Time to Upgrade Risk[Illinois] = 75.7125  <= 200
1 <= Time to Upgrade Risk[Indiana] = 1.49748  <= 200
1 <= Time to Upgrade Risk[Iowa] = 1.41822  <= 200
1 <= Time to Upgrade Risk[Kansas] = 3.12589  <= 200
1 <= Time to Upgrade Risk[Kentucky] = 1.14019  <= 200
1 <= Time to Upgrade Risk[Louisiana] = 3.23611  <= 200
1 <= Time to Upgrade Risk[Maine] = 1.25563  <= 200
1 <= Time to Upgrade Risk[Maryland] = 48.8126  <= 200
1 <= Time to Upgrade Risk[Massachusetts] = 21.2362  <= 200
1 <= Time to Upgrade Risk[Michigan] = 2.23543  <= 200
1 <= Time to Upgrade Risk[Minnesota] = 1.5335  <= 200
1 <= Time to Upgrade Risk[Mississippi] = 7.98708  <= 200
1 <= Time to Upgrade Risk[Missouri] = 43.3498  <= 200
1 <= Time to Upgrade Risk[Montana] = 1  <= 200
1 <= Time to Upgrade Risk[Nebraska] = 1.50704  <= 200
1 <= Time to Upgrade Risk[Nevada] = 2.48454  <= 200
1 <= Time to Upgrade Risk[New Hampshire] = 11.5373  <= 200
1 <= Time to Upgrade Risk[New Jersey] = 41.1594  <= 200
1 <= Time to Upgrade Risk[New Mexico] = 1.56297  <= 200
1 <= Time to Upgrade Risk[New York] = 48.6539  <= 200
1 <= Time to Upgrade Risk[North Carolina] = 27.9635  <= 200
1 <= Time to Upgrade Risk[North Dakota] = 3.25372  <= 200
1 <= Time to Upgrade Risk[Ohio] = 26.3105  <= 200
1 <= Time to Upgrade Risk[Oklahoma] = 43.0918  <= 200
1 <= Time to Upgrade Risk[Oregon] = 13.8715  <= 200
1 <= Time to Upgrade Risk[Pennsylvania] = 5.79688  <= 200
1 <= Time to Upgrade Risk[Rhode Island] = 80.82  <= 200
1 <= Time to Upgrade Risk[South Carolina] = 1  <= 200
1 <= Time to Upgrade Risk[South Dakota] = 44.974  <= 200
1 <= Time to Upgrade Risk[Tennessee] = 1  <= 200
1 <= Time to Upgrade Risk[Texas] = 1.00086  <= 200
1 <= Time to Upgrade Risk[Utah] = 1.62893  <= 200
1 <= Time to Upgrade Risk[Vermont] = 24.2503  <= 200
1 <= Time to Upgrade Risk[Virginia] = 25.8297  <= 200
1 <= Time to Upgrade Risk[Washington] = 21.3775  <= 200
1 <= Time to Upgrade Risk[West Virginia] = 4.41918  <= 200
1 <= Time to Upgrade Risk[Wisconsin] = 1.84196  <= 200
1 <= Time to Upgrade Risk[Wyoming] = 1  <= 200
0.4 <= Total Asymptomatic Fraction[Alabama] = 0.440084  <= 0.7
0.4 <= Total Asymptomatic Fraction[Alaska] = 0.432087  <= 0.7
0.4 <= Total Asymptomatic Fraction[Arizona] = 0.431055  <= 0.7
0.4 <= Total Asymptomatic Fraction[Arkansas] = 0.415155  <= 0.7
0.4 <= Total Asymptomatic Fraction[California] = 0.545657  <= 0.7
0.4 <= Total Asymptomatic Fraction[Colorado] = 0.580756  <= 0.7
0.4 <= Total Asymptomatic Fraction[Connecticut] = 0.505088  <= 0.7
0.4 <= Total Asymptomatic Fraction[District of Columbia] = 0.494838  <= 0.7
0.4 <= Total Asymptomatic Fraction[Delaware] = 0.482939  <= 0.7
0.4 <= Total Asymptomatic Fraction[Florida] = 0.428544  <= 0.7
0.4 <= Total Asymptomatic Fraction[Georgia] = 0.450416  <= 0.7
0.4 <= Total Asymptomatic Fraction[Hawaii] = 0.477265  <= 0.7
0.4 <= Total Asymptomatic Fraction[Idaho] = 0.423779  <= 0.7
0.4 <= Total Asymptomatic Fraction[Illinois] = 0.479174  <= 0.7
0.4 <= Total Asymptomatic Fraction[Indiana] = 0.48996  <= 0.7
0.4 <= Total Asymptomatic Fraction[Iowa] = 0.405016  <= 0.7
0.4 <= Total Asymptomatic Fraction[Kansas] = 0.486981  <= 0.7
0.4 <= Total Asymptomatic Fraction[Kentucky] = 0.437401  <= 0.7
0.4 <= Total Asymptomatic Fraction[Louisiana] = 0.507024  <= 0.7
0.4 <= Total Asymptomatic Fraction[Maine] = 0.450129  <= 0.7
0.4 <= Total Asymptomatic Fraction[Maryland] = 0.505449  <= 0.7
0.4 <= Total Asymptomatic Fraction[Massachusetts] = 0.47364  <= 0.7
0.4 <= Total Asymptomatic Fraction[Michigan] = 0.45009  <= 0.7
0.4 <= Total Asymptomatic Fraction[Minnesota] = 0.453869  <= 0.7
0.4 <= Total Asymptomatic Fraction[Mississippi] = 0.409573  <= 0.7
0.4 <= Total Asymptomatic Fraction[Missouri] = 0.442083  <= 0.7
0.4 <= Total Asymptomatic Fraction[Montana] = 0.447763  <= 0.7
0.4 <= Total Asymptomatic Fraction[Nebraska] = 0.4357  <= 0.7
0.4 <= Total Asymptomatic Fraction[Nevada] = 0.452836  <= 0.7
0.4 <= Total Asymptomatic Fraction[New Hampshire] = 0.438432  <= 0.7
0.4 <= Total Asymptomatic Fraction[New Jersey] = 0.552822  <= 0.7
0.4 <= Total Asymptomatic Fraction[New Mexico] = 0.458733  <= 0.7
0.4 <= Total Asymptomatic Fraction[New York] = 0.533363  <= 0.7
0.4 <= Total Asymptomatic Fraction[North Carolina] = 0.415626  <= 0.7
0.4 <= Total Asymptomatic Fraction[North Dakota] = 0.442062  <= 0.7
0.4 <= Total Asymptomatic Fraction[Ohio] = 0.4  <= 0.7
0.4 <= Total Asymptomatic Fraction[Oklahoma] = 0.40554  <= 0.7
0.4 <= Total Asymptomatic Fraction[Oregon] = 0.447292  <= 0.7
0.4 <= Total Asymptomatic Fraction[Pennsylvania] = 0.511672  <= 0.7
0.4 <= Total Asymptomatic Fraction[Rhode Island] = 0.496306  <= 0.7
0.4 <= Total Asymptomatic Fraction[South Carolina] = 0.461768  <= 0.7
0.4 <= Total Asymptomatic Fraction[South Dakota] = 0.43299  <= 0.7
0.4 <= Total Asymptomatic Fraction[Tennessee] = 0.442196  <= 0.7
0.4 <= Total Asymptomatic Fraction[Texas] = 0.463426  <= 0.7
0.4 <= Total Asymptomatic Fraction[Utah] = 0.442436  <= 0.7
0.4 <= Total Asymptomatic Fraction[Vermont] = 0.466813  <= 0.7
0.4 <= Total Asymptomatic Fraction[Virginia] = 0.440992  <= 0.7
0.4 <= Total Asymptomatic Fraction[Washington] = 0.450668  <= 0.7
0.4 <= Total Asymptomatic Fraction[West Virginia] = 0.446113  <= 0.7
0.4 <= Total Asymptomatic Fraction[Wisconsin] = 0.535656  <= 0.7
0.4 <= Total Asymptomatic Fraction[Wyoming] = 0.500438  <= 0.7
1e-06 <= Weight on Reported Probability of Infection[Alabama] = 1e-06  <= 1
1e-06 <= Weight on Reported Probability of Infection[Alaska] = 0.171599  <= 1
1e-06 <= Weight on Reported Probability of Infection[Arizona] = 0.212095  <= 1
1e-06 <= Weight on Reported Probability of Infection[Arkansas] = 0.731886  <= 1
1e-06 <= Weight on Reported Probability of Infection[California] = 0.97713  <= 1
1e-06 <= Weight on Reported Probability of Infection[Colorado] = 0.909088  <= 1
1e-06 <= Weight on Reported Probability of Infection[Connecticut] = 0.943536  <= 1
1e-06 <= Weight on Reported Probability of Infection[District of Columbia] = 0.897232  <= 1
1e-06 <= Weight on Reported Probability of Infection[Delaware] = 0.557407  <= 1
1e-06 <= Weight on Reported Probability of Infection[Florida] = 0.0288825  <= 1
1e-06 <= Weight on Reported Probability of Infection[Georgia] = 0.842672  <= 1
1e-06 <= Weight on Reported Probability of Infection[Hawaii] = 1e-06  <= 1
1e-06 <= Weight on Reported Probability of Infection[Idaho] = 0.111487  <= 1
1e-06 <= Weight on Reported Probability of Infection[Illinois] = 0.354709  <= 1
1e-06 <= Weight on Reported Probability of Infection[Indiana] = 0.508577  <= 1
1e-06 <= Weight on Reported Probability of Infection[Iowa] = 0.928577  <= 1
1e-06 <= Weight on Reported Probability of Infection[Kansas] = 1.32199e-05  <= 1
1e-06 <= Weight on Reported Probability of Infection[Kentucky] = 0.0178999  <= 1
1e-06 <= Weight on Reported Probability of Infection[Louisiana] = 0.948972  <= 1
1e-06 <= Weight on Reported Probability of Infection[Maine] = 0.152288  <= 1
1e-06 <= Weight on Reported Probability of Infection[Maryland] = 0.591309  <= 1
1e-06 <= Weight on Reported Probability of Infection[Massachusetts] = 0.970725  <= 1
1e-06 <= Weight on Reported Probability of Infection[Michigan] = 0.896631  <= 1
1e-06 <= Weight on Reported Probability of Infection[Minnesota] = 0.932497  <= 1
1e-06 <= Weight on Reported Probability of Infection[Mississippi] = 0.753922  <= 1
1e-06 <= Weight on Reported Probability of Infection[Missouri] = 1e-06  <= 1
1e-06 <= Weight on Reported Probability of Infection[Montana] = 0.533252  <= 1
1e-06 <= Weight on Reported Probability of Infection[Nebraska] = 0.473227  <= 1
1e-06 <= Weight on Reported Probability of Infection[Nevada] = 0.277769  <= 1
1e-06 <= Weight on Reported Probability of Infection[New Hampshire] = 0.624554  <= 1
1e-06 <= Weight on Reported Probability of Infection[New Jersey] = 0.933305  <= 1
1e-06 <= Weight on Reported Probability of Infection[New Mexico] = 0.460904  <= 1
1e-06 <= Weight on Reported Probability of Infection[New York] = 0.964313  <= 1
1e-06 <= Weight on Reported Probability of Infection[North Carolina] = 0.387  <= 1
1e-06 <= Weight on Reported Probability of Infection[North Dakota] = 0.450726  <= 1
1e-06 <= Weight on Reported Probability of Infection[Ohio] = 1e-06  <= 1
1e-06 <= Weight on Reported Probability of Infection[Oklahoma] = 0.310977  <= 1
1e-06 <= Weight on Reported Probability of Infection[Oregon] = 1e-06  <= 1
1e-06 <= Weight on Reported Probability of Infection[Pennsylvania] = 1e-06  <= 1
1e-06 <= Weight on Reported Probability of Infection[Rhode Island] = 0.155345  <= 1
1e-06 <= Weight on Reported Probability of Infection[South Carolina] = 0.314032  <= 1
1e-06 <= Weight on Reported Probability of Infection[South Dakota] = 0.337802  <= 1
1e-06 <= Weight on Reported Probability of Infection[Tennessee] = 1e-06  <= 1
1e-06 <= Weight on Reported Probability of Infection[Texas] = 0.680895  <= 1
1e-06 <= Weight on Reported Probability of Infection[Utah] = 1e-06  <= 1
1e-06 <= Weight on Reported Probability of Infection[Vermont] = 0.217172  <= 1
1e-06 <= Weight on Reported Probability of Infection[Virginia] = 0.43907  <= 1
1e-06 <= Weight on Reported Probability of Infection[Washington] = 1e-06  <= 1
1e-06 <= Weight on Reported Probability of Infection[West Virginia] = 1e-06  <= 1
1e-06 <= Weight on Reported Probability of Infection[Wisconsin] = 5.32255e-06  <= 1
1e-06 <= Weight on Reported Probability of Infection[Wyoming] = 0.359345  <= 1
780 <= Variant Intro Start Time2[Alabama] = 789.125  <= 820
780 <= Variant Intro Start Time2[Alaska] = 809.875  <= 820
780 <= Variant Intro Start Time2[Arizona] = 804.375  <= 820
780 <= Variant Intro Start Time2[Arkansas] = 814.499  <= 820
780 <= Variant Intro Start Time2[California] = 790.625  <= 820
780 <= Variant Intro Start Time2[Colorado] = 787.625  <= 820
780 <= Variant Intro Start Time2[Connecticut] = 787.877  <= 820
780 <= Variant Intro Start Time2[District of Columbia] = 780  <= 820
780 <= Variant Intro Start Time2[Delaware] = 783.875  <= 820
780 <= Variant Intro Start Time2[Florida] = 785.811  <= 820
780 <= Variant Intro Start Time2[Georgia] = 801.637  <= 820
780 <= Variant Intro Start Time2[Hawaii] = 780.538  <= 820
780 <= Variant Intro Start Time2[Idaho] = 806.625  <= 820
780 <= Variant Intro Start Time2[Illinois] = 786.375  <= 820
780 <= Variant Intro Start Time2[Indiana] = 804.222  <= 820
780 <= Variant Intro Start Time2[Iowa] = 802.377  <= 820
780 <= Variant Intro Start Time2[Kansas] = 784.874  <= 820
780 <= Variant Intro Start Time2[Kentucky] = 801.441  <= 820
780 <= Variant Intro Start Time2[Louisiana] = 793.875  <= 820
780 <= Variant Intro Start Time2[Maine] = 788.455  <= 820
780 <= Variant Intro Start Time2[Maryland] = 780  <= 820
780 <= Variant Intro Start Time2[Massachusetts] = 785.044  <= 820
780 <= Variant Intro Start Time2[Michigan] = 807.875  <= 820
780 <= Variant Intro Start Time2[Minnesota] = 795.625  <= 820
780 <= Variant Intro Start Time2[Mississippi] = 801.625  <= 820
780 <= Variant Intro Start Time2[Missouri] = 812.375  <= 820
780 <= Variant Intro Start Time2[Montana] = 798.875  <= 820
780 <= Variant Intro Start Time2[Nebraska] = 787.483  <= 820
780 <= Variant Intro Start Time2[Nevada] = 799.625  <= 820
780 <= Variant Intro Start Time2[New Hampshire] = 781.727  <= 820
780 <= Variant Intro Start Time2[New Jersey] = 782.125  <= 820
780 <= Variant Intro Start Time2[New Mexico] = 780  <= 820
780 <= Variant Intro Start Time2[New York] = 780  <= 820
780 <= Variant Intro Start Time2[North Carolina] = 794.375  <= 820
780 <= Variant Intro Start Time2[North Dakota] = 800.125  <= 820
780 <= Variant Intro Start Time2[Ohio] = 790.164  <= 820
780 <= Variant Intro Start Time2[Oklahoma] = 820  <= 820
780 <= Variant Intro Start Time2[Oregon] = 819.64  <= 820
780 <= Variant Intro Start Time2[Pennsylvania] = 780  <= 820
780 <= Variant Intro Start Time2[Rhode Island] = 783.661  <= 820
780 <= Variant Intro Start Time2[South Carolina] = 795.625  <= 820
780 <= Variant Intro Start Time2[South Dakota] = 792.307  <= 820
780 <= Variant Intro Start Time2[Tennessee] = 799.5  <= 820
780 <= Variant Intro Start Time2[Texas] = 817.875  <= 820
780 <= Variant Intro Start Time2[Utah] = 793.375  <= 820
780 <= Variant Intro Start Time2[Vermont] = 785.125  <= 820
780 <= Variant Intro Start Time2[Virginia] = 796.649  <= 820
780 <= Variant Intro Start Time2[Washington] = 798.125  <= 820
780 <= Variant Intro Start Time2[West Virginia] = 808.998  <= 820
780 <= Variant Intro Start Time2[Wisconsin] = 792.626  <= 820
780 <= Variant Intro Start Time2[Wyoming] = 782.625  <= 820
