:COMSYS After 61480 simulations
:COMSYS Best payoff is -2.38589e+06
:COMSYS User terminated multiple search session
:OPTIMIZER=Powell
:SENSITIVITY=Off
:MULTIPLE_START=XParallel
:RANDOM_NUMBER=Default
:OUTPUT_LEVEL=3
:TRACE=Off
:MAX_ITERATIONS=1000
:RESTART_MAX=1
:PASS_LIMIT=2
:FRACTIONAL_TOLERANCE=0.0003
:TOLERANCE_MULTIPLIER=21
:ABSOLUTE_TOLERANCE=1
:SCALE_ABSOLUTE=1
:VECTOR_POINTS=25
:MCLIMIT=0
:MCJUMP=0.05
:MCBURNIN=0
:MCDELTA=0.0001
:MCTEMP=1
:MCNCHAINS=2
:MCUPDATEPAIRS=2
:MCSCHEDULE=0
:MCOUTLIER=0.05
:MCXOVER=0.2
:MCCOOLING=1000
:MCINITMETHOD=0
:MCPAYOFFTYPE=0
:MCGAMMA=1
:MCRECORD=0
:MCKNN=0
:MCEPSILON=0.01
:MCFTEMP=1
0 <= "State CRN Proportion (alpha)"[Alabama] = 9.23998e-06  <= 1
0 <= "State CRN Proportion (alpha)"[Alaska] = 8.11213e-08  <= 1
0 <= "State CRN Proportion (alpha)"[Arizona] = 1.91886e-05  <= 1
0 <= "State CRN Proportion (alpha)"[Arkansas] = 0.415877  <= 1
0 <= "State CRN Proportion (alpha)"[California] = 0.90256  <= 1
0 <= "State CRN Proportion (alpha)"[Colorado] = 0.918393  <= 1
0 <= "State CRN Proportion (alpha)"[Connecticut] = 0.585148  <= 1
0 <= "State CRN Proportion (alpha)"[District of Columbia] = 3.39603e-06  <= 1
0 <= "State CRN Proportion (alpha)"[Delaware] = 0.0848526  <= 1
0 <= "State CRN Proportion (alpha)"[Florida] = 0.72606  <= 1
0 <= "State CRN Proportion (alpha)"[Georgia] = 0  <= 1
0 <= "State CRN Proportion (alpha)"[Hawaii] = 1.74364e-05  <= 1
0 <= "State CRN Proportion (alpha)"[Idaho] = 1.93764e-05  <= 1
0 <= "State CRN Proportion (alpha)"[Illinois] = 0.5027  <= 1
0 <= "State CRN Proportion (alpha)"[Indiana] = 2.84241e-05  <= 1
0 <= "State CRN Proportion (alpha)"[Iowa] = 0.820232  <= 1
0 <= "State CRN Proportion (alpha)"[Kansas] = 0.503817  <= 1
0 <= "State CRN Proportion (alpha)"[Kentucky] = 1.56829e-05  <= 1
0 <= "State CRN Proportion (alpha)"[Louisiana] = 0.999988  <= 1
0 <= "State CRN Proportion (alpha)"[Maine] = 6.90436e-06  <= 1
0 <= "State CRN Proportion (alpha)"[Maryland] = 0.196174  <= 1
0 <= "State CRN Proportion (alpha)"[Massachusetts] = 0.669949  <= 1
0 <= "State CRN Proportion (alpha)"[Michigan] = 0.990736  <= 1
0 <= "State CRN Proportion (alpha)"[Minnesota] = 0.542226  <= 1
0 <= "State CRN Proportion (alpha)"[Mississippi] = 4.07082e-05  <= 1
0 <= "State CRN Proportion (alpha)"[Missouri] = 4.24369e-06  <= 1
0 <= "State CRN Proportion (alpha)"[Montana] = 2.17099e-05  <= 1
0 <= "State CRN Proportion (alpha)"[Nebraska] = 1.18346e-05  <= 1
0 <= "State CRN Proportion (alpha)"[Nevada] = 2.8917e-05  <= 1
0 <= "State CRN Proportion (alpha)"[New Hampshire] = 2.25371e-05  <= 1
0 <= "State CRN Proportion (alpha)"[New Jersey] = 0.875954  <= 1
0 <= "State CRN Proportion (alpha)"[New Mexico] = 1.67036e-08  <= 1
0 <= "State CRN Proportion (alpha)"[New York] = 1  <= 1
0 <= "State CRN Proportion (alpha)"[North Carolina] = 6.21995e-09  <= 1
0 <= "State CRN Proportion (alpha)"[North Dakota] = 0.440837  <= 1
0 <= "State CRN Proportion (alpha)"[Ohio] = 2.18578e-05  <= 1
0 <= "State CRN Proportion (alpha)"[Oklahoma] = 1.24338e-05  <= 1
0 <= "State CRN Proportion (alpha)"[Oregon] = 1.40152e-05  <= 1
0 <= "State CRN Proportion (alpha)"[Pennsylvania] = 1.20806e-05  <= 1
0 <= "State CRN Proportion (alpha)"[Rhode Island] = 1  <= 1
0 <= "State CRN Proportion (alpha)"[South Carolina] = 8.36932e-06  <= 1
0 <= "State CRN Proportion (alpha)"[South Dakota] = 1  <= 1
0 <= "State CRN Proportion (alpha)"[Tennessee] = 1.21827e-05  <= 1
0 <= "State CRN Proportion (alpha)"[Texas] = 5.50476e-22  <= 1
0 <= "State CRN Proportion (alpha)"[Utah] = 3.48191e-06  <= 1
0 <= "State CRN Proportion (alpha)"[Vermont] = 1.65802e-05  <= 1
0 <= "State CRN Proportion (alpha)"[Virginia] = 3.83983e-06  <= 1
0 <= "State CRN Proportion (alpha)"[Washington] = 0  <= 1
0 <= "State CRN Proportion (alpha)"[West Virginia] = 1.47329e-05  <= 1
0 <= "State CRN Proportion (alpha)"[Wisconsin] = 1.90021e-05  <= 1
0 <= "State CRN Proportion (alpha)"[Wyoming] = 1.97078e-05  <= 1
1 <= "Output Gap Decay Time (dy)" = 150.244  <= 200
1 <= "Mitigation Learning Decay Time (dl)" = 550.154  <= 1000
1 <= "Learning Time (tl)" = 20.5641  <= 1000
0 <= "Psychological Exponent (epsilon)" = 0.999993  <= 1
0 <= "Contact Input Scale (f)" = 0.01008  <= 1
0 <= "Direct Infection Impact Scale (ds)" = 0.407813  <= 10
