:COMSYS After 63765 simulations
:COMSYS Best payoff is -2.29802e+11
:COMSYS Normally terminated optimization
:OPTIMIZER=Powell
:SENSITIVITY=Off
:MULTIPLE_START=RRandom
:RANDOM_NUMBER=Default
:OUTPUT_LEVEL=On
:TRACE=Off
:MAX_ITERATIONS=1000
:RESTART_MAX=10
:PASS_LIMIT=2
:FRACTIONAL_TOLERANCE=0.0003
:TOLERANCE_MULTIPLIER=21
:ABSOLUTE_TOLERANCE=1
:SCALE_ABSOLUTE=1
:VECTOR_POINTS=25
:MCLIMIT=0
:MCJUMP=0.05
:MCBURNIN=0
:MCDELTA=0.0001
:MCTEMP=1
:MCNCHAINS=2
:MCUPDATEPAIRS=2
:MCSCHEDULE=0
:MCOUTLIER=0.05
:MCXOVER=0.2
:MCCOOLING=1000
:MCINITMETHOD=0
:MCPAYOFFTYPE=0
:MCGAMMA=1
:MCRECORD=0
:MCKNN=0
:MCEPSILON=0.01
:MCFTEMP=1
-0.15 <= "GDP Growth Rate (r)"[Alabama] = 0.0157302  <= 0.3
-0.15 <= "GDP Growth Rate (r)"[Alaska] = -0.00958542  <= 0.3
-0.15 <= "GDP Growth Rate (r)"[Arizona] = 0.0377043  <= 0.3
-0.15 <= "GDP Growth Rate (r)"[Arkansas] = 0.014785  <= 0.3
-0.15 <= "GDP Growth Rate (r)"[California] = 0.0407082  <= 0.3
-0.15 <= "GDP Growth Rate (r)"[Colorado] = 0.041615  <= 0.3
-0.15 <= "GDP Growth Rate (r)"[Connecticut] = 0.00722481  <= 0.3
-0.15 <= "GDP Growth Rate (r)"[District of Columbia] = 0.0212575  <= 0.3
-0.15 <= "GDP Growth Rate (r)"[Delaware] = 0.0283331  <= 0.3
-0.15 <= "GDP Growth Rate (r)"[Florida] = 0.0330846  <= 0.3
-0.15 <= "GDP Growth Rate (r)"[Georgia] = 0.0325974  <= 0.3
-0.15 <= "GDP Growth Rate (r)"[Hawaii] = 0.00522125  <= 0.3
-0.15 <= "GDP Growth Rate (r)"[Idaho] = 0.0512704  <= 0.3
-0.15 <= "GDP Growth Rate (r)"[Illinois] = 0.0184847  <= 0.3
-0.15 <= "GDP Growth Rate (r)"[Indiana] = 0.024105  <= 0.3
-0.15 <= "GDP Growth Rate (r)"[Iowa] = 0.0075971  <= 0.3
-0.15 <= "GDP Growth Rate (r)"[Kansas] = 0.0161969  <= 0.3
-0.15 <= "GDP Growth Rate (r)"[Kentucky] = 0.0131518  <= 0.3
-0.15 <= "GDP Growth Rate (r)"[Louisiana] = 0.00526272  <= 0.3
-0.15 <= "GDP Growth Rate (r)"[Maine] = 0.0263995  <= 0.3
-0.15 <= "GDP Growth Rate (r)"[Maryland] = 0.00653963  <= 0.3
-0.15 <= "GDP Growth Rate (r)"[Massachusetts] = 0.0366953  <= 0.3
-0.15 <= "GDP Growth Rate (r)"[Michigan] = 0.0130337  <= 0.3
-0.15 <= "GDP Growth Rate (r)"[Minnesota] = 0.0200525  <= 0.3
-0.15 <= "GDP Growth Rate (r)"[Mississippi] = -0.00297933  <= 0.3
-0.15 <= "GDP Growth Rate (r)"[Missouri] = 0.0135876  <= 0.3
-0.15 <= "GDP Growth Rate (r)"[Montana] = 0.00392015  <= 0.3
-0.15 <= "GDP Growth Rate (r)"[Nebraska] = 0.0146198  <= 0.3
-0.15 <= "GDP Growth Rate (r)"[Nevada] = 0.0353675  <= 0.3
-0.15 <= "GDP Growth Rate (r)"[New Hampshire] = 0.0239638  <= 0.3
-0.15 <= "GDP Growth Rate (r)"[New Jersey] = 0.0215534  <= 0.3
-0.15 <= "GDP Growth Rate (r)"[New Mexico] = 0.025992  <= 0.3
-0.15 <= "GDP Growth Rate (r)"[New York] = 0.0299184  <= 0.3
-0.15 <= "GDP Growth Rate (r)"[North Carolina] = 0.0173306  <= 0.3
-0.15 <= "GDP Growth Rate (r)"[North Dakota] = 0.015398  <= 0.3
-0.15 <= "GDP Growth Rate (r)"[Ohio] = 0.0144792  <= 0.3
-0.15 <= "GDP Growth Rate (r)"[Oklahoma] = 0.0114942  <= 0.3
-0.15 <= "GDP Growth Rate (r)"[Oregon] = 0.0374485  <= 0.3
-0.15 <= "GDP Growth Rate (r)"[Pennsylvania] = 0.0162757  <= 0.3
-0.15 <= "GDP Growth Rate (r)"[Rhode Island] = 0.00452768  <= 0.3
-0.15 <= "GDP Growth Rate (r)"[South Carolina] = 0.0236072  <= 0.3
-0.15 <= "GDP Growth Rate (r)"[South Dakota] = 0.00243218  <= 0.3
-0.15 <= "GDP Growth Rate (r)"[Tennessee] = 0.0167332  <= 0.3
-0.15 <= "GDP Growth Rate (r)"[Texas] = 0.0362073  <= 0.3
-0.15 <= "GDP Growth Rate (r)"[Utah] = 0.0578405  <= 0.3
-0.15 <= "GDP Growth Rate (r)"[Vermont] = 0.00621508  <= 0.3
-0.15 <= "GDP Growth Rate (r)"[Virginia] = 0.0225692  <= 0.3
-0.15 <= "GDP Growth Rate (r)"[Washington] = 0.0612695  <= 0.3
-0.15 <= "GDP Growth Rate (r)"[West Virginia] = 0.0151969  <= 0.3
-0.15 <= "GDP Growth Rate (r)"[Wisconsin] = 0.0225078  <= 0.3
-0.15 <= "GDP Growth Rate (r)"[Wyoming] = 0.00777282  <= 0.3
